TN:
SF:src/App.tsx
FN:1,(empty-report)
FNF:1
FNH:0
FNDA:0,(empty-report)
DA:1,0
DA:2,0
DA:3,0
DA:4,0
DA:6,0
DA:7,0
DA:8,0
DA:9,0
DA:10,0
DA:12,0
DA:13,0
DA:14,0
DA:17,0
DA:18,0
DA:20,0
DA:22,0
LF:16
LH:0
BRDA:1,0,0,0
BRF:1
BRH:0
end_of_record
TN:
SF:src/constants.ts
FNF:0
FNH:0
DA:8,1
DA:11,1
DA:12,1
DA:15,1
DA:16,1
DA:17,1
DA:18,1
DA:21,1
DA:22,1
DA:23,1
DA:26,1
DA:27,1
DA:28,1
DA:29,1
DA:30,1
DA:33,1
DA:34,1
DA:37,1
DA:38,1
DA:41,1
DA:42,1
DA:45,1
DA:46,1
DA:47,1
DA:48,1
DA:51,1
DA:52,1
DA:53,1
DA:56,1
DA:57,1
DA:58,1
DA:59,1
DA:60,1
DA:61,1
DA:62,1
DA:63,1
DA:66,1
DA:67,1
DA:68,1
DA:69,1
DA:70,1
DA:71,1
DA:72,1
DA:75,1
DA:76,1
DA:77,1
DA:78,1
DA:79,1
DA:80,1
DA:81,1
DA:84,1
DA:85,1
DA:86,1
DA:87,1
DA:88,1
DA:89,1
LF:56
LH:56
BRDA:15,0,0,0
BRDA:16,1,0,0
BRDA:17,2,0,0
BRDA:18,3,0,0
BRF:4
BRH:0
end_of_record
TN:
SF:src/main.tsx
FN:1,(empty-report)
FNF:1
FNH:0
FNDA:0,(empty-report)
DA:1,0
DA:2,0
DA:3,0
DA:4,0
DA:5,0
DA:6,0
DA:8,0
DA:10,0
DA:11,0
DA:12,0
DA:13,0
DA:14,0
DA:15,0
DA:16,0
DA:17,0
DA:18,0
LF:16
LH:0
BRDA:1,0,0,0
BRF:1
BRH:0
end_of_record
TN:
SF:src/components/BacktestsTable.tsx
FN:17,BacktestsTable
FN:45,Row
FN:74,onClick
FNF:3
FNH:2
FNDA:3,BacktestsTable
FNDA:3,Row
FNDA:0,onClick
DA:17,1
DA:18,3
DA:19,0
DA:20,0
DA:21,3
DA:22,3
DA:23,3
DA:24,3
DA:25,3
DA:26,3
DA:27,3
DA:28,3
DA:29,3
DA:30,3
DA:31,3
DA:32,3
DA:33,3
DA:34,3
DA:35,3
DA:36,3
DA:37,3
DA:38,3
DA:39,3
DA:40,3
DA:41,3
DA:43,3
DA:45,3
DA:46,3
DA:47,3
DA:48,3
DA:49,3
DA:50,3
DA:51,3
DA:52,3
DA:53,3
DA:54,3
DA:55,3
DA:56,3
DA:57,3
DA:58,3
DA:59,3
DA:60,3
DA:61,3
DA:63,3
DA:64,0
DA:65,3
DA:66,3
DA:67,3
DA:68,3
DA:69,3
DA:70,3
DA:71,3
DA:72,3
DA:73,3
DA:74,3
DA:75,3
DA:77,3
DA:78,3
DA:79,3
DA:81,3
DA:83,1
LF:61
LH:58
BRDA:17,0,0,3
BRDA:18,1,0,0
BRDA:37,2,0,3
BRDA:45,3,0,3
BRDA:46,4,0,1
BRDA:47,5,0,1
BRDA:56,6,0,1
BRDA:63,7,0,0
BRDA:67,8,0,0
BRDA:70,9,0,0
BRF:10
BRH:6
end_of_record
TN:
SF:src/components/ChartOHLC.tsx
FN:7,ChartOHLC2
FN:24,timeFormatter
FN:25,tickMarkFormatter
FN:35,reset
FN:46,update
FN:55,setMarkers
FN:82,scrollToLatest
FN:89,setVisibleRange
FN:96,setBarSpacing
FNF:9
FNH:6
FNDA:8,ChartOHLC2
FNDA:0,timeFormatter
FNDA:0,tickMarkFormatter
FNDA:9,reset
FNDA:6,update
FNDA:5,setMarkers
FNDA:0,scrollToLatest
FNDA:6,setVisibleRange
FNDA:12,setBarSpacing
DA:1,1
DA:4,1
DA:6,1
DA:7,1
DA:8,8
DA:10,8
DA:11,8
DA:12,8
DA:13,8
DA:14,8
DA:15,8
DA:16,8
DA:17,8
DA:19,8
DA:20,8
DA:21,8
DA:22,6
DA:24,6
DA:25,6
DA:26,6
DA:27,8
DA:28,0
DA:29,0
DA:30,8
DA:32,8
DA:33,8
DA:34,8
DA:35,4
DA:36,9
DA:38,9
DA:39,9
DA:42,9
DA:43,0
DA:44,0
DA:45,9
DA:46,4
DA:47,6
DA:48,6
DA:49,6
DA:51,6
DA:52,0
DA:53,0
DA:54,6
DA:55,4
DA:56,5
DA:63,5
DA:64,5
DA:65,5
DA:66,5
DA:77,5
DA:78,5
DA:79,0
DA:80,0
DA:81,5
DA:82,4
DA:83,0
DA:84,0
DA:85,0
DA:86,0
DA:87,0
DA:88,0
DA:89,4
DA:90,6
DA:91,6
DA:92,6
DA:93,0
DA:94,0
DA:95,6
DA:96,4
DA:97,12
DA:98,12
DA:99,12
DA:100,0
DA:101,0
DA:102,12
DA:103,4
DA:104,8
DA:105,8
DA:109,8
DA:110,8
DA:111,1
DA:113,1
LF:82
LH:64
BRDA:7,0,0,8
BRDA:19,1,0,8
BRDA:21,2,0,6
BRDA:21,3,0,6
BRDA:27,4,0,0
BRDA:34,5,0,4
BRDA:35,6,0,9
BRDA:42,7,0,0
BRDA:46,8,0,6
BRDA:51,9,0,0
BRDA:55,10,0,5
BRDA:77,11,0,0
BRDA:78,12,0,0
BRDA:89,13,0,6
BRDA:92,14,0,0
BRDA:96,15,0,12
BRDA:99,16,0,0
BRF:17
BRH:10
end_of_record
TN:
SF:src/components/ErrorBoundary.tsx
FN:10,<instance_members_initializer>
FN:11,ErrorBoundary
FN:16,getDerivedStateFromError
FN:20,componentDidCatch
FN:29,handleReload
FN:37,render
FNF:6
FNH:3
FNDA:3,<instance_members_initializer>
FNDA:3,ErrorBoundary
FNDA:0,getDerivedStateFromError
FNDA:0,componentDidCatch
FNDA:0,handleReload
FNDA:3,render
DA:1,1
DA:3,1
DA:10,1
DA:11,3
DA:12,3
DA:13,3
DA:14,3
DA:16,3
DA:17,0
DA:18,0
DA:20,3
DA:22,0
DA:23,0
DA:24,0
DA:26,0
DA:27,0
DA:29,3
DA:30,0
DA:31,0
DA:32,0
DA:34,0
DA:35,0
DA:37,3
DA:38,3
DA:39,0
DA:40,0
DA:41,0
DA:42,0
DA:43,0
DA:44,0
DA:45,0
DA:47,0
DA:48,0
DA:49,0
DA:50,0
DA:51,0
DA:52,0
DA:54,0
DA:55,0
DA:57,0
DA:58,3
DA:59,3
DA:60,3
LF:43
LH:15
BRDA:10,0,0,3
BRDA:11,1,0,3
BRDA:37,2,0,3
BRDA:38,3,0,0
BRF:4
BRH:3
end_of_record
TN:
SF:src/components/FiltersBar.tsx
FN:6,FiltersBar
FN:15,onChange
FN:21,onChange
FN:25,onClick
FNF:4
FNH:1
FNDA:1,FiltersBar
FNDA:0,onChange
FNDA:0,onChange
FNDA:0,onClick
DA:1,1
DA:6,1
DA:7,1
DA:8,1
DA:9,1
DA:10,1
DA:11,1
DA:12,1
DA:13,1
DA:14,1
DA:15,1
DA:16,1
DA:17,1
DA:18,1
DA:19,1
DA:20,1
DA:21,1
DA:22,1
DA:23,1
DA:24,1
DA:25,1
DA:26,1
DA:28,1
DA:29,1
DA:31,1
DA:33,1
LF:26
LH:26
BRDA:6,0,0,1
BRDA:7,1,0,0
BRDA:8,2,0,0
BRF:3
BRH:1
end_of_record
TN:
SF:src/components/OverlaysOrders.tsx
FN:5,OverlaysOrders
FNF:1
FNH:1
FNDA:8,OverlaysOrders
DA:1,1
DA:3,1
DA:5,8
DA:6,8
DA:7,8
DA:9,8
DA:10,8
DA:11,8
DA:21,8
DA:23,8
DA:24,7
DA:36,7
DA:37,0
DA:38,0
DA:39,0
DA:40,0
DA:41,7
DA:42,8
DA:44,8
DA:45,7
DA:46,7
DA:47,0
DA:48,0
DA:49,0
DA:50,0
DA:51,0
DA:52,0
DA:53,0
DA:54,0
DA:55,0
DA:57,0
DA:58,0
DA:59,0
DA:61,0
DA:62,0
DA:63,0
DA:64,0
DA:65,0
DA:66,0
DA:68,0
DA:69,0
DA:70,0
DA:71,0
DA:72,0
DA:73,0
DA:74,0
DA:75,0
DA:76,0
DA:77,0
DA:78,0
DA:79,0
DA:80,0
DA:81,0
DA:82,0
DA:83,0
DA:84,0
DA:85,0
DA:86,0
DA:87,0
DA:88,0
DA:89,0
DA:90,0
DA:91,0
DA:92,0
DA:93,0
DA:94,7
DA:95,7
DA:96,8
DA:98,8
DA:99,8
LF:70
LH:22
BRDA:5,0,0,8
BRDA:96,1,0,5
BRDA:23,2,0,7
BRDA:24,3,0,4
BRDA:24,4,0,3
BRDA:44,5,0,7
BRDA:46,6,0,0
BRDA:95,7,0,5
BRF:8
BRH:7
end_of_record
TN:
SF:src/components/dev/BFFPerformanceMonitor.tsx
FN:1,(empty-report)
FNF:1
FNH:1
FNDA:1,(empty-report)
DA:8,0
DA:9,0
DA:10,0
DA:11,0
DA:12,0
DA:13,0
DA:21,0
DA:23,0
DA:24,0
DA:25,0
DA:27,0
DA:28,0
DA:30,0
DA:31,0
DA:32,0
DA:35,0
DA:36,0
DA:37,0
DA:38,0
DA:39,0
DA:40,0
DA:41,0
DA:42,0
DA:45,0
DA:46,0
DA:47,0
DA:48,0
DA:49,0
DA:50,0
DA:51,0
DA:52,0
DA:53,0
DA:54,0
DA:55,0
DA:58,0
DA:59,0
DA:60,0
DA:61,0
DA:63,0
DA:64,0
DA:65,0
DA:67,0
DA:68,0
DA:69,0
DA:71,0
DA:72,0
DA:73,0
DA:74,0
DA:75,0
DA:76,0
DA:78,0
DA:79,0
DA:82,0
DA:83,0
DA:84,0
DA:85,0
DA:86,0
DA:87,0
DA:88,0
DA:89,0
DA:92,0
DA:93,0
DA:94,0
DA:95,0
DA:96,0
DA:97,0
DA:98,0
DA:99,0
DA:102,0
DA:103,0
DA:104,0
DA:105,0
DA:106,0
DA:107,0
DA:108,0
DA:110,0
DA:111,0
DA:112,0
DA:113,0
DA:114,0
DA:115,0
DA:116,0
DA:117,0
DA:118,0
DA:119,0
DA:120,0
DA:123,0
DA:124,0
DA:125,0
DA:126,0
DA:127,0
DA:128,0
DA:129,0
DA:130,0
DA:131,0
DA:132,0
DA:133,0
DA:134,0
DA:135,0
DA:136,0
DA:137,0
DA:138,0
DA:139,0
DA:140,0
DA:141,0
DA:142,0
DA:143,0
DA:144,0
DA:145,0
DA:146,0
DA:147,0
DA:148,0
DA:151,0
DA:152,0
DA:153,0
DA:154,0
DA:155,0
DA:158,0
DA:159,0
DA:160,0
DA:161,0
DA:162,0
DA:163,0
DA:164,0
DA:165,0
DA:166,0
DA:167,0
DA:168,0
DA:172,0
DA:173,0
DA:174,0
DA:175,0
DA:176,0
DA:177,0
DA:178,0
DA:179,0
DA:180,0
DA:181,0
DA:182,0
DA:183,0
DA:184,0
DA:185,0
DA:186,0
DA:187,0
DA:188,0
DA:191,0
DA:192,0
DA:193,0
DA:194,0
DA:195,0
DA:196,0
DA:197,0
DA:199,0
DA:200,0
DA:201,0
DA:202,0
DA:203,0
DA:204,0
DA:206,0
DA:207,0
DA:208,0
DA:209,0
DA:210,0
DA:211,0
DA:212,0
DA:213,0
DA:214,0
DA:216,0
DA:219,0
DA:220,0
DA:221,0
DA:222,0
DA:223,0
DA:225,0
DA:226,0
DA:227,0
DA:228,0
DA:229,0
DA:231,0
DA:232,0
DA:233,0
DA:234,0
DA:235,0
DA:237,0
DA:238,0
DA:241,0
DA:243,0
DA:244,0
DA:246,0
DA:251,0
DA:252,0
DA:254,0
DA:255,0
DA:256,0
DA:257,0
DA:260,0
DA:261,0
DA:262,0
DA:263,0
DA:264,0
DA:266,0
DA:267,0
DA:268,0
DA:270,0
DA:271,0
DA:273,0
LF:206
LH:0
BRDA:1,0,0,1
BRF:1
BRH:1
end_of_record
TN:
SF:src/components/metrics-summary/MetricsSummary.tsx
FN:16,formatPercent
FN:25,formatRatio
FN:34,formatCurrency
FN:76,formatter
FN:87,getCurrentEquity
FN:94,MetricsSummary
FNF:6
FNH:6
FNDA:24,formatPercent
FNDA:6,formatRatio
FNDA:12,formatCurrency
FNDA:6,formatter
FNDA:6,getCurrentEquity
FNDA:6,MetricsSummary
DA:16,24
DA:17,24
DA:18,6
DA:19,6
DA:20,24
DA:21,0
DA:22,0
DA:23,24
DA:25,6
DA:26,6
DA:27,2
DA:28,2
DA:29,6
DA:30,0
DA:31,0
DA:32,6
DA:34,12
DA:35,12
DA:36,2
DA:37,2
DA:38,12
DA:39,0
DA:40,0
DA:41,12
DA:43,1
DA:48,1
DA:49,1
DA:50,1
DA:51,1
DA:52,1
DA:53,1
DA:54,1
DA:55,1
DA:56,1
DA:57,1
DA:58,1
DA:59,1
DA:60,1
DA:61,1
DA:62,1
DA:63,1
DA:64,1
DA:65,1
DA:66,1
DA:67,1
DA:68,1
DA:69,1
DA:70,1
DA:71,1
DA:72,1
DA:73,1
DA:74,1
DA:75,1
DA:76,1
DA:77,1
DA:78,1
DA:79,1
DA:80,1
DA:81,1
DA:82,1
DA:83,1
DA:84,1
DA:85,1
DA:87,6
DA:88,6
DA:89,6
DA:90,6
DA:91,1
DA:92,6
DA:94,6
DA:95,6
DA:97,6
DA:98,6
DA:99,6
DA:101,6
DA:102,6
DA:104,6
DA:105,6
DA:106,6
DA:107,6
DA:110,6
DA:112,36
DA:113,36
DA:114,36
DA:115,36
DA:116,36
DA:117,36
DA:118,36
DA:119,36
DA:121,6
DA:122,6
DA:123,6
DA:125,6
LF:93
LH:87
BRDA:16,0,0,24
BRDA:17,1,0,6
BRDA:17,2,0,18
BRDA:17,3,0,6
BRDA:20,4,0,0
BRDA:25,5,0,6
BRDA:26,6,0,2
BRDA:26,7,0,5
BRDA:26,8,0,4
BRDA:26,9,0,2
BRDA:29,10,0,0
BRDA:34,11,0,12
BRDA:35,12,0,2
BRDA:35,13,0,11
BRDA:35,14,0,10
BRDA:35,15,0,2
BRDA:38,16,0,0
BRDA:76,17,0,6
BRDA:87,18,0,6
BRDA:90,19,0,1
BRDA:90,20,0,5
BRDA:90,21,0,1
BRDA:94,22,0,6
BRDA:95,23,0,0
BRDA:110,24,0,36
BRDA:113,25,0,0
BRDA:114,26,0,0
BRDA:114,27,0,9
BRDA:114,28,0,27
BRF:29
BRH:23
end_of_record
TN:
SF:src/components/metrics-summary/index.ts
FNF:0
FNH:0
DA:1,1
LF:1
LH:1
BRF:0
BRH:0
end_of_record
TN:
SF:src/components/playback-controls/PlaybackControls.tsx
FN:7,PlaybackControls
FNF:1
FNH:1
FNDA:10,PlaybackControls
DA:7,1
DA:8,10
DA:9,10
DA:10,10
DA:11,6
DA:12,6
DA:13,6
DA:14,6
DA:16,6
DA:18,4
DA:19,4
DA:20,4
DA:21,4
DA:23,4
DA:25,10
DA:27,10
DA:29,1
LF:17
LH:17
BRDA:7,0,0,10
BRDA:10,1,0,6
BRDA:16,2,0,4
BRF:3
BRH:3
end_of_record
TN:
SF:src/components/playback-controls/index.ts
FNF:0
FNH:0
DA:1,1
LF:1
LH:1
BRF:0
BRH:0
end_of_record
TN:
SF:src/components/runs-table/RunsTable.tsx
FNF:0
FNH:0
DA:1,1
LF:1
LH:1
BRF:0
BRH:0
end_of_record
TN:
SF:src/components/runs-table/index.ts
FNF:0
FNH:0
DA:1,1
LF:1
LH:1
BRF:0
BRH:0
end_of_record
TN:
SF:src/components/streaming-metrics-panel/StreamingMetricsPanel.tsx
FN:17,StreamingMetricsPanel
FNF:1
FNH:1
FNDA:4,StreamingMetricsPanel
DA:1,1
DA:2,1
DA:3,1
DA:17,4
DA:19,4
DA:20,4
DA:22,4
DA:23,4
DA:24,4
DA:25,4
DA:26,4
DA:27,4
DA:28,4
DA:29,4
DA:30,4
DA:32,4
DA:34,4
DA:35,4
DA:36,4
DA:37,4
DA:42,4
DA:43,4
DA:44,0
DA:45,4
DA:46,0
DA:47,4
DA:48,0
DA:49,4
DA:50,4
DA:51,4
DA:52,0
DA:53,4
DA:54,1
DA:55,3
DA:56,0
DA:57,3
DA:60,4
DA:61,0
DA:62,0
DA:65,4
DA:70,4
DA:71,4
DA:72,4
DA:73,4
DA:74,4
DA:75,4
DA:76,4
DA:77,4
DA:78,4
DA:79,4
DA:80,0
DA:81,0
DA:82,0
DA:83,4
DA:84,4
DA:85,4
DA:86,4
DA:87,4
DA:88,4
DA:90,4
DA:91,4
LF:61
LH:51
BRDA:17,0,0,4
BRDA:22,1,0,1
BRDA:22,2,0,3
BRDA:24,3,0,1
BRDA:24,4,0,3
BRDA:25,5,0,1
BRDA:26,6,0,1
BRDA:26,7,0,3
BRDA:27,8,0,1
BRDA:27,9,0,3
BRDA:28,10,0,1
BRDA:29,11,0,1
BRDA:32,12,0,0
BRDA:34,13,0,1
BRDA:37,14,0,0
BRDA:37,15,0,0
BRDA:43,16,0,0
BRDA:43,17,0,0
BRDA:45,18,0,0
BRDA:45,19,0,0
BRDA:47,20,0,0
BRDA:47,21,0,0
BRDA:51,22,0,0
BRDA:51,23,0,0
BRDA:53,24,0,1
BRDA:53,25,0,1
BRDA:54,26,0,3
BRDA:55,27,0,0
BRDA:60,28,0,0
BRDA:60,29,0,0
BRDA:60,30,0,0
BRDA:88,31,0,1
BRDA:72,32,0,4
BRDA:73,33,0,0
BRDA:74,34,0,0
BRDA:75,35,0,3
BRDA:76,36,0,3
BRDA:77,37,0,3
BRDA:79,38,0,0
BRDA:80,39,0,0
BRDA:81,40,0,0
BRDA:84,41,0,1
BRF:42
BRH:22
end_of_record
TN:
SF:src/components/streaming-metrics-panel/index.ts
FNF:0
FNH:0
DA:1,1
LF:1
LH:1
BRF:0
BRH:0
end_of_record
TN:
SF:src/components/symbol-focus/SymbolFocus.tsx
FN:4,SymbolFocus
FN:14,onChange
FNF:2
FNH:2
FNDA:5,SymbolFocus
FNDA:1,onChange
DA:1,1
DA:2,1
DA:4,5
DA:5,5
DA:6,5
DA:7,5
DA:8,5
DA:9,5
DA:10,5
DA:11,5
DA:12,5
DA:14,5
DA:15,1
DA:16,1
DA:17,1
DA:19,5
DA:20,5
DA:21,5
DA:22,5
DA:23,5
DA:24,5
DA:25,5
DA:27,5
DA:28,9
DA:29,9
DA:30,9
DA:31,5
DA:32,5
DA:33,5
DA:35,5
LF:30
LH:30
BRDA:4,0,0,5
BRDA:24,1,0,4
BRDA:7,2,0,20
BRDA:7,3,0,16
BRDA:10,4,0,20
BRDA:10,5,0,0
BRDA:12,6,0,4
BRDA:14,7,0,1
BRDA:16,8,0,0
BRDA:27,9,0,9
BRF:10
BRH:8
end_of_record
TN:
SF:src/components/symbol-focus/index.ts
FNF:0
FNH:0
DA:1,1
LF:1
LH:1
BRF:0
BRH:0
end_of_record
TN:
SF:src/components/timeline-scrubber/TimelineScrubber.tsx
FN:9,TimelineScrubber
FN:64,onClick
FN:73,onKeyDown
FN:118,Marker
FNF:4
FNH:2
FNDA:15,TimelineScrubber
FNDA:1,onClick
FNDA:0,onKeyDown
FNDA:0,Marker
DA:1,1
DA:2,1
DA:9,15
DA:10,15
DA:11,15
DA:12,15
DA:13,15
DA:14,15
DA:15,15
DA:16,15
DA:17,15
DA:18,15
DA:19,15
DA:21,15
DA:22,15
DA:23,45
DA:24,19
DA:25,19
DA:26,19
DA:27,19
DA:28,19
DA:29,19
DA:30,19
DA:31,19
DA:32,19
DA:33,33
DA:34,0
DA:35,0
DA:36,45
DA:37,15
DA:38,15
DA:40,15
DA:41,11
DA:42,0
DA:43,0
DA:44,0
DA:45,11
DA:46,5
DA:47,5
DA:48,5
DA:49,11
DA:50,5
DA:51,15
DA:53,15
DA:54,15
DA:55,1
DA:56,1
DA:57,1
DA:58,1
DA:59,1
DA:60,1
DA:61,15
DA:62,15
DA:64,15
DA:65,1
DA:66,1
DA:67,1
DA:68,1
DA:69,1
DA:70,1
DA:73,15
DA:74,0
DA:75,0
DA:76,0
DA:77,0
DA:78,0
DA:79,0
DA:80,0
DA:81,0
DA:84,15
DA:85,5
DA:86,5
DA:87,15
DA:89,15
DA:90,15
DA:91,15
DA:92,15
DA:93,15
DA:94,15
DA:95,15
DA:96,15
DA:97,15
DA:98,15
DA:99,15
DA:100,15
DA:101,15
DA:103,15
DA:104,15
DA:105,15
DA:106,15
DA:107,15
DA:108,0
DA:109,15
DA:110,15
DA:111,15
DA:112,15
DA:113,15
DA:114,15
DA:116,15
DA:118,0
DA:119,0
DA:120,0
DA:121,0
DA:124,0
DA:125,0
DA:126,0
DA:127,0
DA:128,0
DA:129,0
DA:130,0
DA:131,0
DA:132,0
DA:133,0
DA:134,0
DA:135,0
DA:136,0
DA:137,0
DA:139,0
LF:118
LH:85
BRDA:9,0,0,15
BRDA:22,1,0,45
BRDA:23,2,0,26
BRDA:23,3,0,33
BRDA:23,4,0,19
BRDA:33,5,0,0
BRDA:40,6,0,11
BRDA:41,7,0,0
BRDA:41,8,0,0
BRDA:45,9,0,8
BRDA:45,10,0,5
BRDA:45,11,0,7
BRDA:45,12,0,6
BRDA:45,13,0,5
BRDA:49,14,0,5
BRDA:49,15,0,5
BRDA:49,16,0,9
BRDA:49,17,0,0
BRDA:49,18,0,5
BRDA:54,19,0,1
BRDA:55,20,0,0
BRDA:64,21,0,1
BRDA:66,22,0,0
BRDA:84,23,0,5
BRF:24
BRH:18
end_of_record
TN:
SF:src/components/timeline-scrubber/index.ts
FNF:0
FNH:0
DA:1,1
LF:1
LH:1
BRF:0
BRH:0
end_of_record
TN:
SF:src/containers/BacktestsListContainer.tsx
FN:1,(empty-report)
FNF:1
FNH:0
FNDA:0,(empty-report)
DA:1,0
DA:2,0
DA:4,0
DA:5,0
DA:6,0
DA:8,0
DA:9,0
DA:10,0
DA:11,0
DA:12,0
DA:16,0
DA:17,0
DA:19,0
DA:20,0
DA:21,0
DA:22,0
DA:23,0
DA:24,0
DA:25,0
DA:26,0
DA:27,0
DA:28,0
DA:29,0
DA:30,0
DA:32,0
DA:33,0
DA:34,0
DA:35,0
DA:36,0
DA:37,0
DA:38,0
DA:39,0
DA:40,0
DA:41,0
DA:42,0
DA:43,0
DA:44,0
DA:45,0
DA:47,0
DA:48,0
DA:49,0
DA:50,0
DA:51,0
DA:52,0
DA:53,0
DA:54,0
DA:55,0
DA:56,0
DA:57,0
DA:58,0
DA:59,0
DA:60,0
DA:61,0
DA:62,0
DA:63,0
DA:64,0
DA:65,0
DA:66,0
DA:67,0
DA:68,0
DA:69,0
DA:70,0
DA:72,0
DA:74,0
DA:75,0
DA:76,0
DA:77,0
DA:78,0
DA:79,0
DA:81,0
DA:82,0
DA:83,0
DA:84,0
DA:86,0
DA:87,0
DA:89,0
DA:90,0
DA:91,0
DA:92,0
DA:93,0
DA:94,0
DA:95,0
DA:96,0
DA:97,0
DA:98,0
DA:99,0
DA:100,0
DA:101,0
DA:102,0
DA:103,0
DA:104,0
DA:105,0
DA:106,0
DA:107,0
DA:108,0
DA:109,0
DA:110,0
DA:112,0
DA:113,0
DA:114,0
DA:115,0
DA:116,0
DA:117,0
DA:118,0
DA:119,0
DA:120,0
DA:121,0
DA:122,0
DA:123,0
DA:124,0
DA:125,0
DA:126,0
DA:128,0
DA:129,0
DA:130,0
DA:131,0
DA:132,0
DA:134,0
DA:135,0
DA:136,0
DA:137,0
DA:138,0
DA:139,0
DA:140,0
DA:142,0
DA:143,0
DA:144,0
DA:145,0
DA:146,0
DA:148,0
DA:149,0
DA:150,0
DA:151,0
DA:152,0
DA:153,0
DA:154,0
DA:155,0
DA:157,0
DA:158,0
DA:159,0
DA:161,0
DA:163,0
DA:165,0
LF:143
LH:0
BRDA:1,0,0,0
BRF:1
BRH:0
end_of_record
TN:
SF:src/containers/RunPlayerContainer.tsx
FN:21,RunPlayerContainer
FN:61,seek
FN:82,normalizeBound
FN:294,seek
FN:454,formatTime
FN:506,onClick
FN:512,onClick
FNF:7
FNH:4
FNDA:9,RunPlayerContainer
FNDA:0,seek
FNDA:26,normalizeBound
FNDA:0,seek
FNDA:0,formatTime
FNDA:2,onClick
FNDA:1,onClick
DA:1,1
DA:2,1
DA:4,1
DA:5,1
DA:6,1
DA:7,1
DA:9,1
DA:10,1
DA:21,9
DA:22,9
DA:23,9
DA:24,9
DA:25,9
DA:26,9
DA:28,9
DA:31,9
DA:32,9
DA:33,9
DA:34,9
DA:35,9
DA:36,9
DA:37,9
DA:38,9
DA:39,9
DA:40,9
DA:41,9
DA:42,9
DA:43,9
DA:44,9
DA:45,4
DA:46,4
DA:47,4
DA:48,4
DA:49,0
DA:50,0
DA:51,9
DA:53,9
DA:54,9
DA:57,9
DA:58,8
DA:59,8
DA:60,8
DA:61,8
DA:62,0
DA:63,0
DA:64,8
DA:65,9
DA:69,9
DA:70,4
DA:71,9
DA:73,9
DA:74,9
DA:77,9
DA:78,9
DA:79,9
DA:82,9
DA:83,26
DA:84,0
DA:86,26
DA:87,26
DA:88,9
DA:89,9
DA:91,9
DA:94,9
DA:96,9
DA:97,9
DA:98,9
DA:99,9
DA:102,9
DA:103,9
DA:104,16
DA:105,6
DA:106,6
DA:107,16
DA:109,6
DA:110,12
DA:112,4
DA:113,4
DA:114,4
DA:115,4
DA:116,4
DA:117,4
DA:118,4
DA:119,12
DA:121,2
DA:122,2
DA:123,2
DA:124,2
DA:125,2
DA:126,2
DA:127,16
DA:128,0
DA:129,0
DA:130,16
DA:131,9
DA:132,9
DA:134,9
DA:135,4
DA:136,9
DA:137,9
DA:138,4
DA:139,9
DA:142,9
DA:143,8
DA:144,6
DA:145,6
DA:146,6
DA:147,6
DA:148,6
DA:149,6
DA:151,6
DA:152,6
DA:153,6
DA:154,6
DA:155,6
DA:156,6
DA:158,6
DA:159,6
DA:160,6
DA:162,6
DA:163,6
DA:167,6
DA:168,6
DA:169,6
DA:170,6
DA:171,6
DA:172,6
DA:174,6
DA:175,6
DA:176,0
DA:177,0
DA:182,6
DA:183,4
DA:184,4
DA:185,4
DA:186,4
DA:189,6
DA:190,6
DA:191,6
DA:192,6
DA:193,6
DA:194,6
DA:195,6
DA:196,4
DA:197,2
DA:198,6
DA:199,6
DA:200,6
DA:201,6
DA:202,6
DA:203,6
DA:204,6
DA:205,6
DA:206,6
DA:207,6
DA:208,6
DA:209,6
DA:210,6
DA:211,6
DA:212,6
DA:213,3
DA:214,3
DA:215,3
DA:216,3
DA:217,6
DA:218,6
DA:219,6
DA:221,6
DA:222,6
DA:223,6
DA:224,0
DA:225,0
DA:226,0
DA:227,0
DA:228,0
DA:229,0
DA:230,0
DA:231,0
DA:232,0
DA:233,0
DA:235,0
DA:236,0
DA:237,0
DA:238,0
DA:239,0
DA:240,0
DA:241,0
DA:242,0
DA:243,0
DA:244,0
DA:245,0
DA:246,0
DA:247,0
DA:248,0
DA:249,0
DA:250,0
DA:251,0
DA:252,0
DA:253,0
DA:254,0
DA:255,0
DA:256,0
DA:257,0
DA:258,0
DA:259,0
DA:260,0
DA:261,0
DA:262,0
DA:263,0
DA:264,0
DA:265,0
DA:266,0
DA:268,0
DA:269,0
DA:270,0
DA:271,0
DA:272,0
DA:274,0
DA:275,0
DA:276,0
DA:277,0
DA:278,6
DA:279,6
DA:280,0
DA:281,0
DA:282,8
DA:284,8
DA:285,9
DA:290,9
DA:291,8
DA:292,8
DA:293,8
DA:294,8
DA:295,0
DA:296,0
DA:297,0
DA:298,8
DA:299,9
DA:301,9
DA:302,9
DA:305,9
DA:306,9
DA:307,9
DA:308,9
DA:310,9
DA:313,9
DA:317,9
DA:318,4
DA:319,4
DA:320,0
DA:321,0
DA:322,0
DA:323,4
DA:324,4
DA:325,9
DA:327,9
DA:329,9
DA:330,6
DA:331,9
DA:333,9
DA:336,9
DA:338,9
DA:340,4
DA:341,9
DA:343,9
DA:344,6
DA:345,6
DA:346,6
DA:347,6
DA:348,6
DA:349,0
DA:350,0
DA:351,0
DA:352,9
DA:355,9
DA:357,6
DA:358,6
DA:359,6
DA:360,6
DA:361,6
DA:362,6
DA:363,0
DA:364,0
DA:365,0
DA:366,0
DA:368,0
DA:371,0
DA:373,0
DA:374,0
DA:375,0
DA:376,0
DA:377,0
DA:379,0
DA:380,0
DA:381,0
DA:382,0
DA:383,0
DA:384,0
DA:385,0
DA:386,0
DA:387,0
DA:388,0
DA:389,0
DA:390,0
DA:391,0
DA:392,0
DA:393,0
DA:394,0
DA:395,0
DA:396,0
DA:397,0
DA:399,0
DA:400,6
DA:401,0
DA:402,0
DA:404,0
DA:407,0
DA:408,0
DA:409,0
DA:410,0
DA:411,0
DA:413,0
DA:414,0
DA:416,0
DA:417,0
DA:418,0
DA:419,0
DA:420,0
DA:421,0
DA:422,9
DA:425,9
DA:426,8
DA:427,8
DA:428,0
DA:429,0
DA:431,8
DA:432,0
DA:434,0
DA:435,0
DA:438,0
DA:439,0
DA:440,0
DA:441,0
DA:442,0
DA:443,0
DA:444,0
DA:445,0
DA:446,9
DA:449,9
DA:451,5
DA:452,9
DA:454,9
DA:455,0
DA:456,0
DA:457,0
DA:458,0
DA:459,0
DA:460,0
DA:461,0
DA:462,0
DA:463,0
DA:464,0
DA:465,0
DA:466,0
DA:467,0
DA:468,0
DA:469,0
DA:470,0
DA:471,0
DA:472,0
DA:473,0
DA:474,0
DA:475,0
DA:476,0
DA:479,9
DA:480,8
DA:481,8
DA:482,9
DA:485,9
DA:486,8
DA:487,9
DA:489,9
DA:490,9
DA:491,9
DA:492,9
DA:493,9
DA:494,9
DA:495,9
DA:496,9
DA:497,9
DA:498,9
DA:499,9
DA:500,9
DA:501,9
DA:502,9
DA:503,9
DA:504,9
DA:505,9
DA:506,9
DA:507,9
DA:509,9
DA:510,9
DA:511,9
DA:512,9
DA:513,9
DA:515,9
DA:516,9
DA:517,9
DA:518,9
DA:519,9
DA:520,9
DA:521,9
DA:522,9
DA:523,9
DA:524,6
DA:525,3
DA:526,9
DA:527,9
DA:528,0
DA:529,9
DA:530,9
DA:531,9
DA:533,9
DA:535,1
LF:424
LH:270
BRDA:21,0,0,9
BRDA:28,1,0,0
BRDA:42,2,0,0
BRDA:42,3,0,0
BRDA:505,4,0,6
BRDA:505,5,0,3
BRDA:511,6,0,3
BRDA:511,7,0,6
BRDA:523,8,0,3
BRDA:523,9,0,6
BRDA:524,10,0,3
BRDA:526,11,0,0
BRDA:527,12,0,0
BRDA:44,13,0,4
BRDA:46,14,0,0
BRDA:48,15,0,0
BRDA:57,16,0,8
BRDA:69,17,0,4
BRDA:82,18,0,26
BRDA:83,19,0,0
BRDA:86,20,0,0
BRDA:97,21,0,8
BRDA:103,22,0,16
BRDA:104,23,0,10
BRDA:104,24,0,10
BRDA:104,25,0,6
BRDA:107,26,0,12
BRDA:107,27,0,0
BRDA:107,28,0,6
BRDA:110,29,0,4
BRDA:114,30,0,0
BRDA:119,31,0,2
BRDA:123,32,0,0
BRDA:127,33,0,0
BRDA:134,34,0,4
BRDA:137,35,0,4
BRDA:142,36,0,8
BRDA:143,37,0,6
BRDA:147,38,0,0
BRDA:153,39,0,4
BRDA:153,40,0,2
BRDA:162,41,0,0
BRDA:175,42,0,0
BRDA:176,43,0,0
BRDA:182,44,0,4
BRDA:182,45,0,4
BRDA:195,46,0,4
BRDA:196,47,0,2
BRDA:212,48,0,3
BRDA:223,49,0,0
BRDA:279,50,0,0
BRDA:184,51,0,4
BRDA:184,52,0,2
BRDA:184,53,0,2
BRDA:184,54,0,2
BRDA:185,55,0,4
BRDA:185,56,0,2
BRDA:185,57,0,0
BRDA:290,58,0,8
BRDA:317,59,0,4
BRDA:324,60,0,4
BRDA:329,61,0,6
BRDA:338,62,0,4
BRDA:340,63,0,2
BRDA:343,64,0,6
BRDA:348,65,0,0
BRDA:355,66,0,6
BRDA:357,67,0,0
BRDA:361,68,0,0
BRDA:362,69,0,0
BRDA:400,70,0,0
BRDA:425,71,0,8
BRDA:427,72,0,0
BRDA:428,73,0,0
BRDA:431,74,0,0
BRDA:449,75,0,5
BRDA:451,76,0,3
BRDA:479,77,0,8
BRDA:480,78,0,6
BRDA:481,79,0,3
BRDA:485,80,0,8
BRDA:486,81,0,3
BRDA:506,82,0,2
BRDA:512,83,0,1
BRF:84
BRH:56
end_of_record
TN:
SF:src/hooks/useChartData.ts
FN:15,useDailyChartData
FN:25,queryFn
FN:35,useMinuteChartData
FN:56,queryFn
FN:66,useHourChartData
FN:77,queryFn
FN:87,useAdaptiveChartData
FN:146,useChartDataMetrics
FN:163,useIsChartDataBFF
FN:175,useDailyData
FN:198,useMinuteData
FN:229,useHourData
FNF:12
FNH:6
FNDA:26,useDailyChartData
FNDA:18,queryFn
FNDA:8,useMinuteChartData
FNDA:5,queryFn
FNDA:12,useHourChartData
FNDA:2,queryFn
FNDA:0,useAdaptiveChartData
FNDA:0,useChartDataMetrics
FNDA:0,useIsChartDataBFF
FNDA:0,useDailyData
FNDA:0,useMinuteData
FNDA:0,useHourData
DA:8,1
DA:9,1
DA:10,1
DA:15,1
DA:16,26
DA:17,26
DA:18,26
DA:19,26
DA:20,26
DA:21,26
DA:23,26
DA:24,26
DA:25,26
DA:26,26
DA:27,26
DA:28,26
DA:29,26
DA:30,26
DA:35,1
DA:36,8
DA:37,8
DA:38,8
DA:39,8
DA:40,8
DA:41,8
DA:42,8
DA:43,8
DA:45,8
DA:46,8
DA:47,8
DA:48,8
DA:49,8
DA:50,8
DA:51,8
DA:52,8
DA:53,8
DA:54,8
DA:55,8
DA:56,8
DA:57,8
DA:58,8
DA:59,8
DA:60,8
DA:61,8
DA:66,1
DA:67,12
DA:68,12
DA:69,12
DA:70,12
DA:71,12
DA:72,12
DA:73,12
DA:75,12
DA:76,12
DA:77,12
DA:78,12
DA:79,12
DA:80,12
DA:81,12
DA:82,12
DA:87,1
DA:88,0
DA:89,0
DA:90,0
DA:91,0
DA:92,0
DA:93,0
DA:94,0
DA:97,0
DA:98,0
DA:100,0
DA:101,0
DA:102,0
DA:105,0
DA:106,0
DA:107,0
DA:109,0
DA:110,0
DA:112,0
DA:114,0
DA:115,0
DA:116,0
DA:117,0
DA:118,0
DA:119,0
DA:120,0
DA:121,0
DA:122,0
DA:123,0
DA:124,0
DA:125,0
DA:126,0
DA:127,0
DA:128,0
DA:129,0
DA:130,0
DA:131,0
DA:132,0
DA:133,0
DA:134,0
DA:135,0
DA:136,0
DA:137,0
DA:138,0
DA:139,0
DA:140,0
DA:141,0
DA:146,1
DA:147,0
DA:148,0
DA:150,0
DA:151,0
DA:152,0
DA:153,0
DA:154,0
DA:155,0
DA:156,0
DA:157,0
DA:158,0
DA:163,1
DA:164,0
DA:165,0
DA:175,1
DA:176,0
DA:177,0
DA:178,0
DA:179,0
DA:180,0
DA:181,0
DA:184,0
DA:185,0
DA:186,0
DA:187,0
DA:188,0
DA:189,0
DA:190,0
DA:191,0
DA:192,0
DA:193,0
DA:198,1
DA:199,0
DA:200,0
DA:201,0
DA:202,0
DA:203,0
DA:204,0
DA:205,0
DA:206,0
DA:209,0
DA:210,0
DA:211,0
DA:212,0
DA:213,0
DA:214,0
DA:215,0
DA:216,0
DA:217,0
DA:218,0
DA:219,0
DA:220,0
DA:221,0
DA:222,0
DA:223,0
DA:224,0
DA:229,1
DA:230,0
DA:231,0
DA:232,0
DA:233,0
DA:234,0
DA:235,0
DA:236,0
DA:239,0
DA:240,0
DA:241,0
DA:242,0
DA:243,0
DA:244,0
DA:245,0
DA:246,0
DA:247,0
DA:248,0
LF:182
LH:66
BRDA:15,0,0,26
BRDA:24,1,0,14
BRDA:24,2,0,12
BRDA:25,3,0,18
BRDA:35,4,0,8
BRDA:54,5,0,0
BRDA:57,6,0,6
BRDA:56,7,0,5
BRDA:66,8,0,12
BRDA:76,9,0,7
BRDA:76,10,0,5
BRDA:78,11,0,3
BRDA:78,12,0,3
BRDA:78,13,0,3
BRDA:77,14,0,2
BRF:15
BRH:14
end_of_record
TN:
SF:src/hooks/useChartInitialization.ts
FN:31,useChartInitialization
FN:174,useCandlestickChart
FN:181,useLineChart
FNF:3
FNH:2
FNDA:8,useChartInitialization
FNDA:8,useCandlestickChart
FNDA:0,useLineChart
DA:1,1
DA:2,1
DA:31,1
DA:32,8
DA:33,8
DA:34,8
DA:35,8
DA:36,8
DA:37,8
DA:39,8
DA:40,8
DA:41,8
DA:42,8
DA:43,8
DA:44,8
DA:45,8
DA:46,8
DA:48,8
DA:49,4
DA:51,4
DA:52,4
DA:53,4
DA:54,4
DA:55,4
DA:56,4
DA:57,4
DA:58,4
DA:59,4
DA:60,4
DA:61,4
DA:62,4
DA:63,4
DA:64,4
DA:65,4
DA:66,4
DA:67,4
DA:69,4
DA:72,4
DA:73,4
DA:75,4
DA:76,3
DA:77,4
DA:78,1
DA:79,1
DA:80,1
DA:81,1
DA:82,0
DA:83,0
DA:84,4
DA:86,0
DA:87,0
DA:88,0
DA:89,0
DA:90,0
DA:93,0
DA:94,0
DA:95,0
DA:96,0
DA:97,0
DA:99,4
DA:100,4
DA:103,4
DA:104,4
DA:105,4
DA:106,4
DA:107,4
DA:108,4
DA:109,4
DA:110,4
DA:111,4
DA:112,4
DA:113,4
DA:114,4
DA:115,1
DA:116,1
DA:119,4
DA:120,4
DA:121,4
DA:122,4
DA:123,4
DA:124,1
DA:125,1
DA:128,4
DA:129,0
DA:130,0
DA:131,0
DA:132,0
DA:133,0
DA:134,0
DA:135,0
DA:136,4
DA:138,4
DA:141,4
DA:142,4
DA:143,0
DA:144,0
DA:147,4
DA:148,4
DA:149,4
DA:150,4
DA:151,4
DA:152,4
DA:153,4
DA:154,4
DA:155,4
DA:156,0
DA:157,0
DA:158,4
DA:159,4
DA:160,4
DA:161,4
DA:162,8
DA:164,8
DA:165,8
DA:166,8
DA:167,8
DA:168,8
DA:169,8
DA:174,1
DA:175,8
DA:176,8
DA:181,1
DA:182,0
DA:183,0
LF:124
LH:99
BRDA:31,0,0,8
BRDA:48,1,0,4
BRDA:49,2,0,0
BRDA:75,3,0,3
BRDA:75,4,0,3
BRDA:77,5,0,1
BRDA:81,6,0,0
BRDA:84,7,0,0
BRDA:114,8,0,1
BRDA:123,9,0,1
BRDA:142,10,0,0
BRDA:147,11,0,4
BRDA:155,12,0,0
BRDA:174,13,0,8
BRF:14
BRH:9
end_of_record
TN:
SF:src/hooks/useRunData.ts
FN:20,useBacktestList
FN:27,queryFn
FN:32,refetchInterval
FN:45,useBacktestDetail
FN:52,queryFn
FN:57,refetchInterval
FN:65,useCreateBacktest
FN:70,mutationFn
FN:78,onSuccess
FN:84,queryFn
FN:92,useBacktestMetrics
FN:101,useBacktestEquity
FN:110,useBacktestOrders
FN:119,useBacktestDataMetrics
FN:133,useIsBacktestDataBFF
FNF:15
FNH:10
FNDA:19,useBacktestList
FNDA:14,queryFn
FNDA:75,refetchInterval
FNDA:17,useBacktestDetail
FNDA:9,queryFn
FNDA:61,refetchInterval
FNDA:5,useCreateBacktest
FNDA:2,mutationFn
FNDA:1,onSuccess
FNDA:1,queryFn
FNDA:0,useBacktestMetrics
FNDA:0,useBacktestEquity
FNDA:0,useBacktestOrders
FNDA:0,useBacktestDataMetrics
FNDA:0,useIsBacktestDataBFF
DA:7,1
DA:8,1
DA:13,1
DA:20,1
DA:21,19
DA:22,19
DA:23,19
DA:24,19
DA:25,19
DA:26,19
DA:27,19
DA:28,19
DA:29,19
DA:30,19
DA:31,19
DA:32,19
DA:33,75
DA:34,75
DA:35,75
DA:36,75
DA:37,3
DA:38,3
DA:39,75
DA:40,75
DA:41,75
DA:42,19
DA:43,19
DA:45,1
DA:46,17
DA:47,17
DA:48,17
DA:49,17
DA:50,17
DA:51,17
DA:52,17
DA:53,17
DA:54,17
DA:55,17
DA:56,17
DA:57,17
DA:58,61
DA:59,61
DA:60,61
DA:61,61
DA:62,17
DA:63,17
DA:65,1
DA:66,5
DA:67,5
DA:69,5
DA:70,5
DA:71,2
DA:72,2
DA:73,2
DA:76,2
DA:78,5
DA:79,1
DA:80,1
DA:81,1
DA:82,1
DA:83,1
DA:84,1
DA:85,1
DA:86,1
DA:87,1
DA:88,1
DA:89,5
DA:90,5
DA:92,1
DA:93,0
DA:94,0
DA:95,0
DA:96,0
DA:97,0
DA:98,0
DA:99,0
DA:101,1
DA:102,0
DA:103,0
DA:104,0
DA:105,0
DA:106,0
DA:107,0
DA:108,0
DA:110,1
DA:111,0
DA:112,0
DA:113,0
DA:114,0
DA:115,0
DA:116,0
DA:117,0
DA:119,1
DA:120,0
DA:121,0
DA:122,0
DA:123,0
DA:124,0
DA:125,0
DA:126,0
DA:127,0
DA:128,0
DA:129,0
DA:130,0
DA:131,0
DA:133,1
DA:134,0
DA:135,0
LF:108
LH:73
BRDA:20,0,0,19
BRDA:26,1,0,7
BRDA:26,2,0,12
BRDA:27,3,0,14
BRDA:32,4,0,75
BRDA:33,5,0,16
BRDA:33,6,0,59
BRDA:40,7,0,0
BRDA:36,8,0,3
BRDA:37,9,0,0
BRDA:38,10,0,0
BRDA:38,11,0,0
BRDA:45,12,0,17
BRDA:51,13,0,8
BRDA:51,14,0,9
BRDA:53,15,0,15
BRDA:52,16,0,9
BRDA:57,17,0,61
BRDA:58,18,0,12
BRDA:58,19,0,51
BRDA:59,20,0,51
BRDA:59,21,0,51
BRDA:60,22,0,10
BRDA:60,23,0,51
BRDA:65,24,0,5
BRDA:70,25,0,2
BRDA:78,26,0,1
BRDA:83,27,0,0
BRDA:84,28,0,1
BRF:29
BRH:24
end_of_record
TN:
SF:src/hooks/useWebSocketHealth.ts
FN:54,useWebSocketHealth
FN:190,useWebSocketPerformanceMonitor
FN:289,useWebSocketFeatureFlags
FNF:3
FNH:2
FNDA:67,useWebSocketHealth
FNDA:23,useWebSocketPerformanceMonitor
FNDA:0,useWebSocketFeatureFlags
DA:8,1
DA:9,1
DA:11,1
DA:54,1
DA:55,67
DA:56,67
DA:57,67
DA:58,67
DA:59,67
DA:60,67
DA:61,67
DA:62,67
DA:63,67
DA:64,67
DA:66,67
DA:67,67
DA:68,67
DA:69,67
DA:70,67
DA:72,67
DA:73,67
DA:76,67
DA:77,36
DA:79,36
DA:80,43
DA:81,43
DA:84,43
DA:85,43
DA:87,43
DA:88,43
DA:91,43
DA:92,43
DA:93,43
DA:94,43
DA:95,43
DA:96,43
DA:97,36
DA:99,36
DA:100,67
DA:103,67
DA:104,21
DA:105,21
DA:106,21
DA:108,21
DA:109,21
DA:110,21
DA:111,21
DA:112,21
DA:113,67
DA:116,67
DA:117,36
DA:119,36
DA:120,36
DA:121,36
DA:122,36
DA:123,36
DA:124,36
DA:125,36
DA:126,36
DA:129,36
DA:130,18
DA:131,18
DA:132,0
DA:133,0
DA:136,36
DA:137,36
DA:138,36
DA:139,36
DA:140,36
DA:141,36
DA:142,36
DA:143,36
DA:144,67
DA:147,67
DA:148,1
DA:149,1
DA:150,1
DA:151,1
DA:152,0
DA:153,0
DA:154,67
DA:157,67
DA:158,1
DA:159,67
DA:162,67
DA:163,0
DA:164,0
DA:165,0
DA:166,0
DA:167,0
DA:168,0
DA:169,0
DA:170,0
DA:171,67
DA:173,67
DA:174,67
DA:175,67
DA:176,67
DA:177,67
DA:178,67
DA:180,67
DA:181,67
DA:182,67
DA:183,67
DA:184,67
DA:185,67
DA:190,1
DA:191,23
DA:192,23
DA:197,23
DA:198,23
DA:199,23
DA:200,23
DA:201,23
DA:202,23
DA:203,23
DA:204,23
DA:206,23
DA:207,23
DA:210,23
DA:211,17
DA:214,17
DA:215,8
DA:216,8
DA:217,8
DA:218,8
DA:219,8
DA:220,8
DA:221,8
DA:222,8
DA:223,8
DA:226,17
DA:227,4
DA:228,4
DA:229,4
DA:230,4
DA:231,4
DA:232,4
DA:233,4
DA:234,4
DA:235,4
DA:238,17
DA:239,2
DA:240,2
DA:241,2
DA:242,2
DA:243,2
DA:244,2
DA:245,2
DA:246,2
DA:247,2
DA:249,17
DA:252,17
DA:253,6
DA:254,6
DA:255,23
DA:256,23
DA:257,23
DA:258,23
DA:259,23
DA:260,23
DA:261,23
DA:262,23
DA:264,23
DA:265,23
DA:266,23
DA:267,23
DA:268,23
DA:269,23
DA:270,23
DA:271,23
DA:272,23
DA:289,1
DA:290,0
DA:291,0
DA:292,0
DA:293,0
DA:295,0
DA:297,0
DA:298,0
DA:299,0
DA:300,0
DA:301,0
DA:302,0
DA:304,0
DA:305,0
DA:307,0
DA:308,0
LF:188
LH:161
BRDA:54,0,0,67
BRDA:62,1,0,9
BRDA:62,2,0,58
BRDA:183,3,0,28
BRDA:76,4,0,36
BRDA:79,5,0,43
BRDA:84,6,0,43
BRDA:87,7,0,526
BRDA:91,8,0,43
BRDA:94,9,0,40
BRDA:95,10,0,3
BRDA:95,11,0,40
BRDA:103,12,0,21
BRDA:105,13,0,43
BRDA:106,14,0,43
BRDA:108,15,0,21
BRDA:116,16,0,36
BRDA:129,17,0,18
BRDA:131,18,0,0
BRDA:119,19,0,36
BRDA:121,20,0,0
BRDA:125,21,0,0
BRDA:137,22,0,36
BRDA:147,23,0,1
BRDA:151,24,0,0
BRDA:157,25,0,1
BRDA:190,26,0,23
BRDA:210,27,0,17
BRDA:214,28,0,11
BRDA:214,29,0,8
BRDA:226,30,0,12
BRDA:226,31,0,4
BRDA:229,32,0,2
BRDA:229,33,0,2
BRDA:238,34,0,2
BRDA:252,35,0,8
BRDA:252,36,0,6
BRDA:269,37,0,15
BRDA:270,38,0,15
BRF:39
BRH:35
end_of_record
TN:
SF:src/lib/nyDay.ts
FN:1,(empty-report)
FNF:1
FNH:1
FNDA:1,(empty-report)
DA:2,0
DA:3,0
DA:5,0
DA:6,0
DA:7,0
DA:8,0
DA:9,0
DA:10,0
DA:11,0
LF:9
LH:0
BRDA:1,0,0,1
BRF:1
BRH:1
end_of_record
TN:
SF:src/schemas/stream.ts
FN:19,__vite_ssr_import_0__.z.object.value.__vite_ssr_import_0__.z.union.__vite_ssr_import_0__.z.string.transform.refine.message
FNF:1
FNH:0
FNDA:0,__vite_ssr_import_0__.z.object.value.__vite_ssr_import_0__.z.union.__vite_ssr_import_0__.z.string.transform.refine.message
DA:1,1
DA:3,1
DA:4,1
DA:5,1
DA:6,1
DA:7,1
DA:8,1
DA:11,1
DA:12,1
DA:14,1
DA:15,1
DA:16,1
DA:17,1
DA:18,1
DA:19,1
DA:20,1
DA:21,1
DA:24,1
DA:25,1
DA:27,1
DA:28,1
DA:29,1
DA:30,1
DA:31,1
DA:32,1
DA:33,1
DA:34,1
DA:35,1
DA:36,1
DA:37,1
DA:38,1
DA:39,1
DA:41,1
DA:42,1
DA:43,1
DA:44,1
DA:45,1
DA:46,1
DA:47,1
DA:48,1
DA:49,1
DA:50,1
DA:51,1
DA:52,1
DA:53,1
DA:55,1
DA:56,1
DA:57,1
DA:58,1
DA:59,1
DA:60,1
DA:61,1
DA:62,1
DA:63,1
DA:64,1
DA:66,1
DA:67,1
DA:68,1
DA:69,1
DA:70,1
DA:71,1
DA:72,1
DA:73,1
DA:74,1
LF:64
LH:64
BRF:0
BRH:0
end_of_record
TN:
SF:src/services/api.ts
FN:1,(empty-report)
FNF:1
FNH:0
FNDA:0,(empty-report)
DA:1,0
DA:4,0
DA:5,0
DA:6,0
DA:7,0
DA:8,0
DA:9,0
DA:11,0
DA:12,0
DA:13,0
DA:14,0
DA:17,0
DA:18,0
DA:19,0
DA:20,0
DA:21,0
DA:22,0
DA:25,0
DA:26,0
DA:27,0
DA:28,0
DA:29,0
DA:30,0
DA:31,0
DA:32,0
DA:33,0
DA:34,0
DA:35,0
DA:36,0
DA:37,0
DA:38,0
DA:39,0
DA:40,0
DA:41,0
DA:42,0
DA:43,0
DA:44,0
DA:45,0
DA:46,0
DA:48,0
DA:49,0
DA:50,0
LF:42
LH:0
BRDA:1,0,0,0
BRF:1
BRH:0
end_of_record
TN:
SF:src/services/bars.ts
FN:1,(empty-report)
FNF:1
FNH:0
FNDA:0,(empty-report)
DA:1,0
DA:3,0
DA:4,0
DA:5,0
DA:6,0
DA:7,0
DA:8,0
DA:9,0
DA:10,0
DA:11,0
DA:14,0
DA:15,0
DA:16,0
DA:17,0
DA:20,0
DA:21,0
DA:22,0
DA:23,0
DA:24,0
DA:25,0
DA:26,0
DA:27,0
DA:28,0
DA:29,0
DA:30,0
DA:31,0
DA:32,0
DA:34,0
DA:35,0
DA:36,0
DA:37,0
DA:38,0
DA:39,0
DA:40,0
DA:41,0
DA:44,0
DA:45,0
DA:46,0
DA:47,0
DA:48,0
DA:49,0
DA:50,0
DA:51,0
DA:54,0
DA:55,0
DA:56,0
DA:57,0
DA:58,0
DA:59,0
DA:60,0
DA:61,0
DA:62,0
DA:63,0
DA:64,0
DA:65,0
DA:66,0
DA:68,0
DA:69,0
DA:70,0
DA:71,0
DA:72,0
DA:73,0
DA:74,0
DA:75,0
DA:76,0
DA:77,0
DA:78,0
DA:79,0
DA:80,0
DA:81,0
DA:83,0
DA:84,0
DA:85,0
DA:86,0
DA:87,0
DA:88,0
DA:89,0
DA:90,0
DA:93,0
DA:94,0
DA:95,0
DA:96,0
DA:99,0
DA:100,0
DA:101,0
DA:102,0
DA:103,0
DA:104,0
DA:105,0
DA:106,0
DA:107,0
DA:108,0
DA:109,0
DA:110,0
DA:111,0
LF:95
LH:0
BRDA:1,0,0,0
BRF:1
BRH:0
end_of_record
TN:
SF:src/services/chartData.ts
FN:65,fetchChartData
FN:72,fetchFromBFF
FN:144,fetchDailyData
FN:160,fetchMinuteData
FN:180,fetchHourData
FN:198,getPerformanceMetrics
FNF:6
FNH:3
FNDA:13,fetchChartData
FNDA:13,fetchFromBFF
FNDA:13,fetchDailyData
FNDA:0,fetchMinuteData
FNDA:0,fetchHourData
FNDA:0,getPerformanceMetrics
DA:9,1
DA:10,1
DA:11,1
DA:16,1
DA:17,1
DA:18,1
DA:19,1
DA:20,1
DA:21,1
DA:22,1
DA:23,1
DA:24,1
DA:25,1
DA:26,1
DA:27,1
DA:28,1
DA:29,1
DA:30,1
DA:31,1
DA:32,1
DA:33,1
DA:34,1
DA:35,1
DA:36,1
DA:37,1
DA:38,1
DA:39,1
DA:40,1
DA:41,1
DA:42,1
DA:61,1
DA:65,1
DA:66,13
DA:67,13
DA:72,1
DA:73,13
DA:74,13
DA:76,13
DA:77,13
DA:78,13
DA:79,0
DA:80,0
DA:81,0
DA:82,0
DA:83,0
DA:84,13
DA:86,13
DA:87,13
DA:89,13
DA:90,13
DA:92,13
DA:93,13
DA:94,13
DA:95,13
DA:96,13
DA:97,13
DA:98,13
DA:101,11
DA:102,13
DA:103,0
DA:104,11
DA:105,0
DA:106,11
DA:107,0
DA:108,11
DA:110,13
DA:111,13
DA:112,3
DA:113,3
DA:114,3
DA:115,3
DA:116,3
DA:117,3
DA:118,3
DA:119,13
DA:121,13
DA:122,13
DA:123,13
DA:124,13
DA:125,13
DA:126,13
DA:127,13
DA:128,13
DA:129,13
DA:130,13
DA:131,13
DA:132,13
DA:133,13
DA:134,13
DA:135,13
DA:136,13
DA:138,13
DA:139,13
DA:144,1
DA:145,13
DA:146,13
DA:147,13
DA:148,13
DA:149,13
DA:150,13
DA:151,13
DA:152,13
DA:153,13
DA:154,13
DA:155,13
DA:160,1
DA:161,0
DA:162,0
DA:163,0
DA:164,0
DA:165,0
DA:166,0
DA:167,0
DA:168,0
DA:169,0
DA:170,0
DA:171,0
DA:172,0
DA:173,0
DA:174,0
DA:175,0
DA:180,1
DA:181,0
DA:182,0
DA:183,0
DA:184,0
DA:185,0
DA:186,0
DA:187,0
DA:188,0
DA:189,0
DA:190,0
DA:191,0
DA:192,0
DA:193,0
DA:198,1
DA:202,0
DA:203,0
DA:204,0
DA:205,0
DA:207,0
DA:208,0
DA:209,0
DA:210,0
DA:211,1
DA:214,1
LF:146
LH:102
BRDA:65,0,0,13
BRDA:72,1,0,13
BRDA:78,2,0,0
BRDA:86,3,0,5
BRDA:87,4,0,5
BRDA:89,5,0,0
BRDA:90,6,0,0
BRDA:98,7,0,11
BRDA:102,8,0,0
BRDA:103,9,0,11
BRDA:104,10,0,0
BRDA:106,11,0,0
BRDA:110,12,0,11
BRDA:110,13,0,10
BRDA:110,14,0,1
BRDA:122,15,0,11
BRDA:122,16,0,1
BRDA:126,17,0,11
BRDA:126,18,0,11
BRDA:127,19,0,11
BRDA:127,20,0,11
BRDA:130,21,0,11
BRDA:130,22,0,0
BRDA:131,23,0,11
BRDA:131,24,0,0
BRDA:133,25,0,11
BRDA:133,26,0,0
BRDA:133,27,0,0
BRDA:133,28,0,11
BRDA:111,29,0,3
BRDA:112,30,0,0
BRDA:113,31,0,0
BRDA:113,32,0,0
BRDA:114,33,0,0
BRDA:114,34,0,0
BRDA:115,35,0,0
BRDA:115,36,0,0
BRDA:116,37,0,0
BRDA:116,38,0,0
BRDA:117,39,0,0
BRDA:117,40,0,0
BRDA:117,41,0,0
BRDA:144,42,0,13
BRF:43
BRH:21
end_of_record
TN:
SF:src/services/featureFlags.ts
FN:19,<instance_members_initializer>
FN:24,FeatureFlagService
FN:38,loadConfiguration
FN:52,buildEndpointConfiguration
FN:93,initializeDebugInfo
FN:105,getEnvBoolean
FN:114,isDebugEnabled
FN:121,exposeDebugInfo
FN:131,evaluateFeatureFlag
FN:166,getEndpointConfiguration
FN:173,isFeatureFlagEnabled
FN:180,getEffectiveApiBaseUrl
FN:187,getEffectiveWsBaseUrl
FN:194,getConfiguration
FN:201,getDebugInfo
FN:208,validateConfiguration
FNF:16
FNH:16
FNDA:67,<instance_members_initializer>
FNDA:67,FeatureFlagService
FNDA:67,loadConfiguration
FNDA:67,buildEndpointConfiguration
FNDA:67,initializeDebugInfo
FNDA:402,getEnvBoolean
FNDA:67,isDebugEnabled
FNDA:14,exposeDebugInfo
FNDA:60,evaluateFeatureFlag
FNDA:4,getEndpointConfiguration
FNDA:36,isFeatureFlagEnabled
FNDA:15,getEffectiveApiBaseUrl
FNDA:15,getEffectiveWsBaseUrl
FNDA:23,getConfiguration
FNDA:3,getDebugInfo
FNDA:9,validateConfiguration
DA:19,1
DA:20,67
DA:21,67
DA:22,67
DA:24,67
DA:25,67
DA:26,67
DA:27,67
DA:30,67
DA:31,14
DA:32,14
DA:33,67
DA:38,67
DA:39,67
DA:40,67
DA:41,67
DA:42,67
DA:43,67
DA:45,67
DA:46,67
DA:47,67
DA:52,67
DA:53,67
DA:54,67
DA:55,67
DA:56,67
DA:58,67
DA:59,67
DA:60,67
DA:61,67
DA:62,15
DA:63,52
DA:64,67
DA:66,67
DA:67,67
DA:68,17
DA:69,50
DA:71,67
DA:72,67
DA:73,13
DA:74,54
DA:76,67
DA:77,67
DA:78,15
DA:79,52
DA:81,67
DA:82,67
DA:83,67
DA:84,67
DA:85,67
DA:86,67
DA:87,67
DA:88,67
DA:93,67
DA:94,67
DA:95,67
DA:96,67
DA:97,67
DA:98,67
DA:99,67
DA:100,67
DA:105,67
DA:106,402
DA:107,402
DA:108,402
DA:109,402
DA:114,67
DA:115,67
DA:116,67
DA:121,67
DA:122,14
DA:123,14
DA:124,14
DA:125,14
DA:126,14
DA:131,67
DA:132,60
DA:133,60
DA:134,60
DA:136,60
DA:137,60
DA:138,26
DA:139,26
DA:140,26
DA:141,26
DA:142,60
DA:143,7
DA:144,7
DA:145,7
DA:146,7
DA:147,60
DA:148,26
DA:149,26
DA:150,26
DA:151,26
DA:152,60
DA:154,60
DA:157,60
DA:158,60
DA:160,60
DA:161,60
DA:166,67
DA:167,4
DA:168,4
DA:173,67
DA:174,36
DA:175,36
DA:180,67
DA:181,15
DA:182,15
DA:187,67
DA:188,15
DA:189,15
DA:194,67
DA:195,23
DA:196,23
DA:201,67
DA:202,3
DA:203,3
DA:208,67
DA:209,9
DA:212,9
DA:213,5
DA:214,5
DA:215,1
DA:216,1
DA:217,5
DA:220,9
DA:221,9
DA:222,4
DA:223,1
DA:224,1
DA:225,9
DA:226,3
DA:227,3
DA:229,9
DA:230,9
DA:231,67
DA:234,1
LF:139
LH:139
BRDA:19,0,0,67
BRDA:24,1,0,67
BRDA:30,2,0,14
BRDA:38,3,0,67
BRDA:52,4,0,67
BRDA:53,5,0,0
BRDA:54,6,0,1
BRDA:55,7,0,0
BRDA:56,8,0,0
BRDA:59,9,0,21
BRDA:59,10,0,46
BRDA:61,11,0,21
BRDA:61,12,0,15
BRDA:62,13,0,52
BRDA:67,14,0,21
BRDA:67,15,0,17
BRDA:68,16,0,50
BRDA:72,17,0,21
BRDA:72,18,0,13
BRDA:73,19,0,54
BRDA:77,20,0,21
BRDA:77,21,0,15
BRDA:78,22,0,52
BRDA:93,23,0,67
BRDA:105,24,0,402
BRDA:107,25,0,336
BRDA:107,26,0,66
BRDA:107,27,0,336
BRDA:108,28,0,248
BRDA:114,29,0,67
BRDA:121,30,0,14
BRDA:131,31,0,60
BRDA:137,32,0,26
BRDA:138,33,0,22
BRDA:140,34,0,22
BRDA:140,35,0,4
BRDA:142,36,0,7
BRDA:145,37,0,6
BRDA:145,38,0,1
BRDA:147,39,0,26
BRDA:150,40,0,0
BRDA:166,41,0,4
BRDA:173,42,0,36
BRDA:180,43,0,15
BRDA:187,44,0,15
BRDA:194,45,0,23
BRDA:201,46,0,3
BRDA:208,47,0,9
BRDA:212,48,0,5
BRDA:214,49,0,1
BRDA:221,50,0,4
BRDA:222,51,0,1
BRDA:223,52,0,1
BRDA:225,53,0,3
BRF:54
BRH:50
end_of_record
TN:
SF:src/services/runData.ts
FN:112,listBacktests
FN:138,getCompleteBacktest
FN:161,createBacktest
FN:168,getPerformanceMetrics
FN:181,isUsingAggregation
FNF:5
FNH:2
FNDA:4,listBacktests
FNDA:7,getCompleteBacktest
FNDA:0,createBacktest
FNDA:0,getPerformanceMetrics
FNDA:0,isUsingAggregation
DA:7,1
DA:8,1
DA:9,1
DA:13,1
DA:14,1
DA:15,1
DA:16,1
DA:17,1
DA:18,1
DA:19,1
DA:20,1
DA:21,1
DA:22,1
DA:23,1
DA:24,1
DA:27,1
DA:28,1
DA:31,1
DA:32,1
DA:33,1
DA:34,1
DA:35,1
DA:36,1
DA:37,1
DA:38,1
DA:39,1
DA:40,1
DA:41,1
DA:42,1
DA:45,1
DA:46,1
DA:47,1
DA:48,1
DA:51,1
DA:52,1
DA:53,1
DA:54,1
DA:55,1
DA:56,1
DA:57,1
DA:58,1
DA:59,1
DA:60,1
DA:61,1
DA:62,1
DA:63,1
DA:64,1
DA:65,1
DA:66,1
DA:69,1
DA:70,1
DA:71,1
DA:72,1
DA:73,1
DA:74,1
DA:75,1
DA:76,1
DA:77,1
DA:78,1
DA:82,1
DA:83,1
DA:84,1
DA:85,1
DA:86,1
DA:87,1
DA:88,1
DA:89,1
DA:90,1
DA:91,1
DA:92,1
DA:93,1
DA:94,1
DA:95,1
DA:96,1
DA:97,1
DA:98,1
DA:99,1
DA:100,1
DA:101,1
DA:102,1
DA:103,1
DA:104,1
DA:105,1
DA:106,1
DA:107,1
DA:108,1
DA:111,1
DA:112,1
DA:113,4
DA:114,4
DA:115,2
DA:116,2
DA:117,4
DA:119,4
DA:120,3
DA:121,0
DA:122,0
DA:123,0
DA:124,0
DA:125,0
DA:126,0
DA:127,0
DA:128,0
DA:129,0
DA:130,0
DA:131,0
DA:132,0
DA:133,3
DA:134,3
DA:135,4
DA:136,4
DA:138,1
DA:139,7
DA:140,7
DA:141,7
DA:142,7
DA:144,7
DA:145,7
DA:146,7
DA:147,7
DA:148,7
DA:149,7
DA:150,7
DA:151,7
DA:152,7
DA:153,7
DA:154,7
DA:155,7
DA:156,7
DA:157,7
DA:158,7
DA:159,7
DA:161,1
DA:162,0
DA:163,0
DA:164,0
DA:165,0
DA:166,0
DA:168,1
DA:172,0
DA:173,0
DA:174,0
DA:175,0
DA:176,0
DA:177,0
DA:178,0
DA:179,0
DA:181,1
DA:182,0
DA:183,0
DA:184,1
DA:186,1
LF:152
LH:125
BRDA:112,0,0,4
BRDA:114,1,0,2
BRDA:119,2,0,3
BRDA:138,3,0,7
BRDA:147,4,0,1
BRDA:147,5,0,1
BRDA:147,6,0,1
BRDA:147,7,0,1
BRDA:147,8,0,1
BRDA:148,9,0,1
BRDA:148,10,0,1
BRDA:149,11,0,1
BRF:12
BRH:12
end_of_record
TN:
SF:src/services/websocket.ts
FN:73,<instance_members_initializer>
FN:85,BFFWebSocketManager
FN:103,getConnectionSource
FN:110,getWebSocketUrl
FN:126,setupEventListeners
FN:138,addEventListener
FN:152,emit
FN:165,setState
FN:181,logStateChange
FN:192,connect
FN:215,ws.onopen
FN:232,ws.onmessage
FN:244,ws.onclose
FN:259,ws.onerror
FN:279,scheduleReconnect
FN:304,send
FN:324,queueMessage
FN:337,processMessageQueue
FN:355,ping
FN:363,close
FN:386,getHealth
FN:393,getState
FN:400,isReady
FN:407,reconnect
FN:416,createWebSocketManager
FNF:25
FNH:24
FNDA:26,<instance_members_initializer>
FNDA:26,BFFWebSocketManager
FNDA:54,getConnectionSource
FNDA:28,getWebSocketUrl
FNDA:26,setupEventListeners
FNDA:8,addEventListener
FNDA:254,emit
FNDA:115,setState
FNDA:98,logStateChange
FNDA:30,connect
FNDA:25,ws.onopen
FNDA:9,ws.onmessage
FNDA:23,ws.onclose
FNDA:1,ws.onerror
FNDA:10,scheduleReconnect
FNDA:10,send
FNDA:3,queueMessage
FNDA:25,processMessageQueue
FNDA:1,ping
FNDA:26,close
FNDA:19,getHealth
FNDA:2,getState
FNDA:3,isReady
FNDA:0,reconnect
FNDA:9,createWebSocketManager
DA:9,1
DA:10,1
DA:60,1
DA:61,1
DA:62,1
DA:63,1
DA:64,1
DA:65,1
DA:66,1
DA:67,1
DA:68,1
DA:73,1
DA:74,26
DA:75,26
DA:76,26
DA:77,26
DA:78,26
DA:79,26
DA:80,26
DA:81,26
DA:82,26
DA:83,26
DA:85,26
DA:86,26
DA:87,26
DA:88,26
DA:89,26
DA:90,26
DA:91,26
DA:92,26
DA:93,26
DA:94,26
DA:95,26
DA:97,26
DA:98,26
DA:103,26
DA:104,54
DA:105,54
DA:110,26
DA:111,28
DA:112,28
DA:114,28
DA:116,9
DA:117,28
DA:119,19
DA:120,19
DA:121,28
DA:126,26
DA:127,26
DA:128,26
DA:129,26
DA:130,26
DA:131,26
DA:132,26
DA:133,26
DA:138,26
DA:139,8
DA:140,0
DA:141,0
DA:142,8
DA:144,8
DA:145,0
DA:146,0
DA:147,8
DA:152,26
DA:153,254
DA:154,24
DA:155,24
DA:156,24
DA:157,0
DA:158,0
DA:159,254
DA:160,254
DA:165,26
DA:166,115
DA:167,98
DA:168,98
DA:169,98
DA:171,98
DA:172,98
DA:174,98
DA:175,98
DA:176,115
DA:181,26
DA:182,98
DA:183,98
DA:184,98
DA:185,98
DA:186,98
DA:187,98
DA:192,26
DA:193,30
DA:194,30
DA:195,2
DA:196,2
DA:197,2
DA:199,28
DA:200,28
DA:201,28
DA:203,28
DA:204,28
DA:207,28
DA:208,1
DA:209,1
DA:210,1
DA:211,1
DA:212,1
DA:213,28
DA:215,28
DA:216,25
DA:217,21
DA:218,21
DA:219,21
DA:221,25
DA:222,25
DA:223,25
DA:226,25
DA:228,25
DA:229,25
DA:230,25
DA:232,28
DA:233,9
DA:236,9
DA:237,1
DA:238,1
DA:239,1
DA:241,9
DA:242,9
DA:244,28
DA:245,23
DA:246,3
DA:247,3
DA:248,3
DA:250,23
DA:251,23
DA:254,23
DA:255,10
DA:256,10
DA:257,23
DA:259,28
DA:260,1
DA:261,1
DA:262,1
DA:263,1
DA:265,1
DA:266,1
DA:267,1
DA:268,1
DA:269,30
DA:270,1
DA:271,1
DA:272,1
DA:273,30
DA:274,30
DA:279,26
DA:280,10
DA:281,0
DA:282,0
DA:283,0
DA:285,10
DA:286,10
DA:288,10
DA:289,10
DA:290,10
DA:291,10
DA:293,10
DA:294,9
DA:295,0
DA:296,0
DA:297,9
DA:298,10
DA:299,10
DA:304,26
DA:305,10
DA:306,8
DA:307,8
DA:308,8
DA:309,8
DA:310,8
DA:311,1
DA:312,1
DA:313,1
DA:314,1
DA:315,10
DA:316,2
DA:317,2
DA:318,2
DA:319,10
DA:324,26
DA:325,3
DA:327,3
DA:328,0
DA:329,0
DA:331,3
DA:332,3
DA:337,26
DA:338,25
DA:339,1
DA:340,1
DA:341,1
DA:342,1
DA:343,1
DA:344,0
DA:346,0
DA:347,0
DA:348,0
DA:349,1
DA:350,25
DA:355,26
DA:356,1
DA:357,1
DA:358,1
DA:363,26
DA:364,26
DA:365,2
DA:366,2
DA:367,2
DA:369,26
DA:370,2
DA:371,2
DA:372,2
DA:374,26
DA:375,19
DA:376,19
DA:377,19
DA:379,26
DA:380,26
DA:381,26
DA:386,26
DA:387,19
DA:388,19
DA:393,26
DA:394,2
DA:395,2
DA:400,26
DA:401,3
DA:402,3
DA:407,26
DA:408,0
DA:409,0
DA:410,0
DA:411,26
DA:416,1
DA:417,9
DA:418,9
DA:419,9
DA:420,9
DA:421,9
LF:248
LH:228
BRDA:73,0,0,26
BRDA:85,1,0,26
BRDA:103,2,0,54
BRDA:104,3,0,18
BRDA:104,4,0,36
BRDA:110,5,0,28
BRDA:112,6,0,9
BRDA:112,7,0,19
BRDA:114,8,0,9
BRDA:117,9,0,19
BRDA:126,10,0,26
BRDA:138,11,0,8
BRDA:139,12,0,0
BRDA:152,13,0,254
BRDA:153,14,0,24
BRDA:156,15,0,0
BRDA:165,16,0,115
BRDA:166,17,0,98
BRDA:181,18,0,98
BRDA:182,19,0,0
BRDA:192,20,0,30
BRDA:193,21,0,30
BRDA:194,22,0,6
BRDA:194,23,0,2
BRDA:197,24,0,28
BRDA:269,25,0,1
BRDA:207,26,0,1
BRDA:215,27,0,25
BRDA:216,28,0,21
BRDA:232,29,0,9
BRDA:236,30,0,1
BRDA:244,31,0,23
BRDA:245,32,0,3
BRDA:254,33,0,10
BRDA:259,34,0,1
BRDA:279,35,0,10
BRDA:280,36,0,0
BRDA:293,37,0,9
BRDA:304,38,0,10
BRDA:305,39,0,8
BRDA:305,40,0,8
BRDA:310,41,0,1
BRDA:315,42,0,2
BRDA:324,43,0,3
BRDA:325,44,0,0
BRDA:327,45,0,0
BRDA:337,46,0,25
BRDA:338,47,0,1
BRDA:338,48,0,1
BRDA:343,49,0,0
BRDA:355,50,0,1
BRDA:363,51,0,26
BRDA:364,52,0,2
BRDA:369,53,0,2
BRDA:374,54,0,19
BRDA:386,55,0,19
BRDA:393,56,0,2
BRDA:400,57,0,3
BRDA:416,58,0,9
BRF:59
BRH:52
end_of_record
TN:
SF:src/services/ws.ts
FN:9,devLog
FN:31,useBacktestPlayback
FNF:2
FNH:0
FNDA:0,devLog
FNDA:0,useBacktestPlayback
DA:1,1
DA:4,1
DA:5,1
DA:6,1
DA:9,1
DA:10,0
DA:11,0
DA:12,0
DA:13,0
DA:14,0
DA:15,0
DA:16,0
DA:17,0
DA:31,1
DA:32,0
DA:33,0
DA:34,0
DA:35,0
DA:36,0
DA:37,0
DA:38,0
DA:39,0
DA:40,0
DA:41,0
DA:42,0
DA:44,0
DA:47,0
DA:48,0
DA:49,0
DA:50,0
DA:51,0
DA:53,0
DA:54,0
DA:55,0
DA:57,0
DA:58,0
DA:59,0
DA:61,0
DA:62,0
DA:63,0
DA:64,0
DA:65,0
DA:66,0
DA:67,0
DA:68,0
DA:69,0
DA:71,0
DA:72,0
DA:73,0
DA:74,0
DA:75,0
DA:76,0
DA:77,0
DA:78,0
DA:80,0
DA:82,0
DA:83,0
DA:84,0
DA:85,0
DA:86,0
DA:87,0
DA:88,0
DA:89,0
DA:90,0
DA:91,0
DA:93,0
DA:94,0
DA:95,0
DA:96,0
DA:97,0
DA:98,0
DA:100,0
DA:101,0
DA:102,0
DA:103,0
DA:105,0
DA:106,0
DA:107,0
DA:108,0
DA:110,0
DA:111,0
DA:112,0
DA:113,0
DA:114,0
DA:115,0
DA:116,0
DA:117,0
DA:118,0
DA:120,0
DA:121,0
DA:122,0
DA:123,0
DA:124,0
DA:125,0
DA:126,0
DA:127,0
DA:128,0
DA:129,0
DA:130,0
DA:131,0
DA:134,0
DA:135,0
DA:136,0
DA:137,0
DA:138,0
DA:139,0
DA:140,0
DA:141,0
DA:142,0
DA:143,0
DA:145,0
DA:148,0
DA:149,0
DA:150,0
DA:151,0
DA:152,0
DA:155,0
DA:156,0
DA:158,0
DA:159,0
DA:160,0
DA:161,0
DA:163,0
DA:164,0
DA:165,0
DA:166,0
DA:167,0
DA:169,0
DA:170,0
DA:173,0
DA:174,0
DA:175,0
DA:176,0
DA:178,0
DA:179,0
DA:180,0
DA:181,0
DA:182,0
DA:184,0
DA:185,0
DA:186,0
DA:187,0
DA:188,0
DA:189,0
DA:190,0
DA:191,0
DA:192,0
DA:193,0
DA:195,0
DA:196,0
DA:197,0
DA:198,0
DA:200,0
DA:202,0
DA:203,0
DA:204,0
DA:205,0
DA:206,0
DA:207,0
DA:209,0
DA:210,0
DA:212,0
DA:213,0
DA:214,0
DA:215,0
DA:216,0
DA:217,0
DA:220,0
DA:221,0
DA:222,0
DA:223,0
DA:224,0
DA:225,0
DA:226,0
DA:227,0
DA:228,0
DA:229,0
DA:230,0
DA:231,0
DA:233,0
DA:234,0
DA:235,0
DA:236,0
DA:237,0
DA:238,0
DA:239,0
DA:240,0
DA:241,0
DA:242,0
DA:243,0
DA:244,0
DA:245,0
DA:246,0
DA:247,0
DA:248,0
DA:250,0
DA:251,0
DA:252,0
DA:254,0
DA:255,0
DA:256,0
DA:257,0
DA:258,0
DA:259,0
DA:261,0
DA:262,0
DA:263,0
DA:265,0
DA:266,0
DA:267,0
DA:268,0
DA:269,0
DA:271,0
DA:273,0
DA:274,0
DA:277,0
DA:278,0
DA:279,0
DA:280,0
DA:281,0
DA:282,0
DA:285,0
DA:286,0
DA:287,0
DA:288,0
DA:291,0
DA:292,0
DA:293,0
DA:294,0
DA:297,0
DA:298,0
DA:299,0
DA:300,0
DA:301,0
DA:303,0
DA:306,0
DA:307,0
DA:308,0
DA:310,0
DA:311,0
DA:312,0
DA:313,0
DA:314,0
DA:315,0
DA:317,0
DA:318,0
DA:319,0
DA:320,0
DA:321,0
DA:323,0
DA:324,0
DA:325,0
DA:326,0
DA:327,0
DA:329,0
DA:330,0
DA:331,0
DA:332,0
DA:334,0
DA:335,0
DA:336,0
DA:338,0
DA:339,0
DA:341,0
DA:342,0
DA:343,0
DA:344,0
DA:347,0
DA:348,0
DA:349,0
DA:351,0
DA:352,0
DA:353,0
DA:355,0
DA:356,0
DA:357,0
DA:359,0
DA:360,0
DA:361,0
DA:362,0
DA:363,0
DA:364,0
DA:365,0
DA:366,0
DA:368,0
DA:369,0
DA:370,0
DA:371,0
DA:372,0
LF:289
LH:6
BRF:0
BRH:0
end_of_record
TN:
SF:src/store/playbackClock.ts
FN:56,createPlaybackStore
FN:66,emit
FN:70,getState
FN:71,subscribe
FN:75,_setFrame
FN:154,_setPlaying
FN:158,_setRange
FN:172,_addMarkers
FN:176,_addSymbols
FN:180,setFocus
FN:184,play
FN:187,pause
FN:190,seek
FN:193,setControls
FN:200,dedupeAppend
FN:205,dedupeAppendStr
FN:210,dedupeAppendMeta
FN:214,key
FN:224,PlaybackProvider
FN:228,usePlaybackStore
FN:232,usePlaybackSelector
FN:239,currentTs
FN:240,range
FN:241,playing
FN:242,frame
FN:243,markers
FN:244,markersMeta
FN:245,focusedSymbol
FN:246,symbolsSeen
FN:247,totalFrames
FN:248,currentFrameIndex
FN:249,metricsLive
FN:255,selectors.filteredMarkers
FNF:33
FNH:28
FNDA:10,createPlaybackStore
FNDA:25,emit
FNDA:532,getState
FNDA:62,subscribe
FNDA:10,_setFrame
FNDA:4,_setPlaying
FNDA:7,_setRange
FNDA:0,_addMarkers
FNDA:1,_addSymbols
FNDA:3,setFocus
FNDA:1,play
FNDA:1,pause
FNDA:2,seek
FNDA:18,setControls
FNDA:2,dedupeAppend
FNDA:2,dedupeAppendStr
FNDA:2,dedupeAppendMeta
FNDA:4,key
FNDA:3,PlaybackProvider
FNDA:146,usePlaybackStore
FNDA:126,usePlaybackSelector
FNDA:116,currentTs
FNDA:61,range
FNDA:0,playing
FNDA:56,frame
FNDA:1,markers
FNDA:0,markersMeta
FNDA:40,focusedSymbol
FNDA:0,symbolsSeen
FNDA:77,totalFrames
FNDA:77,currentFrameIndex
FNDA:0,metricsLive
FNDA:64,selectors.filteredMarkers
DA:1,1
DA:42,1
DA:43,1
DA:44,1
DA:45,1
DA:46,1
DA:47,1
DA:48,1
DA:49,1
DA:50,1
DA:51,1
DA:52,1
DA:53,1
DA:54,1
DA:56,10
DA:57,10
DA:58,10
DA:59,10
DA:62,10
DA:63,10
DA:64,10
DA:66,10
DA:67,10
DA:69,10
DA:70,10
DA:71,10
DA:72,62
DA:73,62
DA:74,62
DA:75,10
DA:76,10
DA:77,10
DA:79,10
DA:80,10
DA:81,10
DA:82,10
DA:83,10
DA:84,10
DA:85,10
DA:86,10
DA:87,10
DA:89,10
DA:90,10
DA:92,10
DA:93,10
DA:94,10
DA:95,10
DA:96,10
DA:97,10
DA:98,10
DA:99,10
DA:102,10
DA:103,10
DA:104,10
DA:105,3
DA:106,3
DA:107,3
DA:109,3
DA:110,3
DA:113,3
DA:114,3
DA:115,3
DA:116,3
DA:117,3
DA:119,3
DA:120,3
DA:121,3
DA:123,3
DA:124,3
DA:127,10
DA:128,2
DA:129,2
DA:130,2
DA:131,2
DA:133,2
DA:134,2
DA:135,2
DA:136,2
DA:137,1
DA:138,1
DA:140,2
DA:141,2
DA:142,4
DA:143,4
DA:144,4
DA:145,4
DA:146,2
DA:147,2
DA:148,2
DA:149,2
DA:150,2
DA:151,2
DA:152,10
DA:153,10
DA:154,10
DA:155,4
DA:156,4
DA:157,4
DA:158,10
DA:160,7
DA:161,7
DA:162,7
DA:163,7
DA:164,7
DA:165,7
DA:166,7
DA:167,7
DA:168,7
DA:169,7
DA:170,7
DA:171,7
DA:172,10
DA:173,0
DA:174,0
DA:175,0
DA:176,10
DA:177,1
DA:178,1
DA:179,1
DA:180,10
DA:181,3
DA:182,3
DA:183,3
DA:184,10
DA:185,1
DA:186,1
DA:187,10
DA:188,1
DA:189,1
DA:190,10
DA:191,2
DA:192,2
DA:193,10
DA:194,18
DA:195,18
DA:196,10
DA:197,10
DA:198,10
DA:200,2
DA:201,2
DA:202,2
DA:203,2
DA:204,2
DA:205,2
DA:206,2
DA:207,2
DA:208,2
DA:209,2
DA:210,2
DA:211,2
DA:212,2
DA:213,2
DA:214,2
DA:215,2
DA:216,2
DA:217,2
DA:218,2
DA:221,1
DA:222,1
DA:224,1
DA:225,3
DA:226,3
DA:228,1
DA:229,146
DA:230,146
DA:232,1
DA:233,126
DA:234,126
DA:235,126
DA:238,1
DA:239,1
DA:240,1
DA:241,1
DA:242,1
DA:243,1
DA:244,1
DA:245,1
DA:246,1
DA:247,1
DA:248,1
DA:249,1
DA:250,1
DA:252,10
DA:253,10
DA:254,10
DA:255,10
DA:256,64
DA:257,64
DA:258,64
DA:259,3
DA:260,0
DA:261,0
DA:262,3
DA:263,3
DA:264,3
DA:265,3
DA:266,3
DA:267,3
DA:269,61
DA:270,61
DA:271,61
DA:272,61
DA:273,64
DA:274,1
DA:275,1
DA:277,1
LF:206
LH:201
BRDA:56,0,0,10
BRDA:66,1,0,25
BRDA:66,2,0,151
BRDA:70,3,0,532
BRDA:71,4,0,62
BRDA:73,5,0,62
BRDA:75,6,0,10
BRDA:77,7,0,0
BRDA:82,8,0,3
BRDA:82,9,0,7
BRDA:82,10,0,0
BRDA:86,11,0,0
BRDA:97,12,0,0
BRDA:102,13,0,3
BRDA:103,14,0,3
BRDA:103,15,0,7
BRDA:103,16,0,0
BRDA:104,17,0,3
BRDA:104,18,0,3
BRDA:106,19,0,0
BRDA:109,20,0,0
BRDA:110,21,0,0
BRDA:119,22,0,0
BRDA:127,23,0,2
BRDA:136,24,0,1
BRDA:149,25,0,0
BRDA:128,26,0,4
BRDA:128,27,0,3
BRDA:128,28,0,0
BRDA:134,29,0,4
BRDA:134,30,0,1
BRDA:134,31,0,1
BRDA:134,32,0,1
BRDA:134,33,0,1
BRDA:141,34,0,4
BRDA:142,35,0,3
BRDA:142,36,0,0
BRDA:143,37,0,0
BRDA:144,38,0,1
BRDA:144,39,0,1
BRDA:144,40,0,1
BRDA:144,41,0,1
BRDA:154,42,0,4
BRDA:158,43,0,7
BRDA:176,44,0,1
BRDA:180,45,0,3
BRDA:184,46,0,1
BRDA:187,47,0,1
BRDA:190,48,0,2
BRDA:193,49,0,18
BRDA:200,50,0,2
BRDA:202,51,0,4
BRDA:205,52,0,2
BRDA:207,53,0,5
BRDA:210,54,0,2
BRDA:216,55,0,4
BRDA:214,56,0,4
BRDA:214,57,0,1
BRDA:217,58,0,2
BRDA:224,59,0,3
BRDA:228,60,0,146
BRDA:229,61,0,130
BRDA:232,62,0,126
BRDA:234,63,0,527
BRDA:239,64,0,116
BRDA:240,65,0,61
BRDA:242,66,0,56
BRDA:243,67,0,1
BRDA:245,68,0,40
BRDA:247,69,0,77
BRDA:248,70,0,77
BRDA:250,71,0,10
BRDA:255,72,0,64
BRDA:256,73,0,63
BRDA:257,74,0,0
BRDA:258,75,0,3
BRDA:259,76,0,2
BRDA:259,77,0,0
BRDA:262,78,0,1
BRDA:262,79,0,2
BRDA:267,80,0,61
BRDA:262,81,0,3
BRDA:263,82,0,8
BRF:83
BRH:68
end_of_record
TN:
SF:src/types/charts.ts
FN:1,(empty-report)
FNF:1
FNH:1
FNDA:1,(empty-report)
LF:0
LH:0
BRDA:1,0,0,1
BRF:1
BRH:1
end_of_record
TN:
SF:src/types/featureFlags.ts
FN:1,(empty-report)
FNF:1
FNH:1
FNDA:1,(empty-report)
LF:0
LH:0
BRDA:1,0,0,1
BRF:1
BRH:1
end_of_record
TN:
SF:src/types/streaming.ts
FN:1,(empty-report)
FNF:1
FNH:1
FNDA:1,(empty-report)
LF:0
LH:0
BRDA:1,0,0,1
BRF:1
BRH:1
end_of_record
TN:
SF:src/utils/api.ts
FN:31,apiRequest
FN:85,apiGet
FN:92,apiPost
FN:108,apiPut
FN:119,apiDelete
FN:128,apiGetWithFlags
FN:148,apiPostWithFlags
FNF:7
FNH:7
FNDA:52,apiRequest
FNDA:5,apiGet
FNDA:2,apiPost
FNDA:1,apiPut
FNDA:2,apiDelete
FNDA:33,apiGetWithFlags
FNDA:1,apiPostWithFlags
DA:8,1
DA:9,1
DA:31,52
DA:32,52
DA:33,52
DA:34,52
DA:35,52
DA:36,52
DA:37,52
DA:38,52
DA:39,52
DA:40,52
DA:42,52
DA:43,52
DA:44,52
DA:45,52
DA:47,52
DA:48,0
DA:49,0
DA:51,52
DA:52,52
DA:53,52
DA:54,52
DA:56,52
DA:57,4
DA:58,4
DA:61,52
DA:62,34
DA:63,34
DA:65,34
DA:66,34
DA:67,34
DA:68,34
DA:71,52
DA:73,52
DA:75,22
DA:76,4
DA:77,4
DA:79,13
DA:80,13
DA:85,5
DA:86,5
DA:87,5
DA:92,2
DA:93,2
DA:94,2
DA:95,2
DA:96,2
DA:97,2
DA:98,2
DA:99,2
DA:100,2
DA:101,2
DA:102,2
DA:103,2
DA:108,1
DA:109,1
DA:110,1
DA:111,1
DA:112,1
DA:113,1
DA:114,1
DA:119,2
DA:120,2
DA:121,2
DA:128,33
DA:129,33
DA:130,33
DA:131,33
DA:132,33
DA:133,33
DA:134,33
DA:135,33
DA:136,33
DA:137,33
DA:138,33
DA:139,33
DA:140,33
DA:141,33
DA:142,33
DA:143,33
DA:148,1
DA:149,1
DA:150,1
DA:151,1
DA:152,1
DA:153,1
DA:154,1
DA:155,1
DA:156,1
DA:157,1
DA:158,1
DA:159,1
DA:160,1
DA:161,1
DA:162,1
DA:163,1
LF:97
LH:95
BRDA:31,0,0,52
BRDA:47,1,0,0
BRDA:56,2,0,4
BRDA:56,3,0,4
BRDA:61,4,0,35
BRDA:61,5,0,34
BRDA:65,6,0,21
BRDA:66,7,0,21
BRDA:68,8,0,18
BRDA:71,9,0,0
BRDA:73,10,0,22
BRDA:73,11,0,17
BRDA:75,12,0,4
BRDA:77,13,0,13
BRDA:85,14,0,5
BRDA:92,15,0,2
BRDA:100,16,0,0
BRDA:101,17,0,0
BRDA:108,18,0,1
BRDA:119,19,0,2
BRDA:128,20,0,33
BRDA:148,21,0,1
BRDA:157,22,0,0
BRDA:158,23,0,0
BRDA:161,24,0,0
BRF:25
BRH:18
end_of_record
TN:
SF:src/utils/apiRouter.ts
FN:23,<instance_members_initializer>
FN:27,routeAPICall
FN:44,getEffectiveBaseURL
FN:56,makeRequest
FN:91,buildFullUrl
FN:107,transformBffEndpoint
FN:152,extractBaseUrl
FN:165,getBackendUrl
FN:183,logEndpointRouting
FN:201,validateConfiguration
FNF:10
FNH:9
FNDA:31,<instance_members_initializer>
FNDA:45,routeAPICall
FNDA:1,getEffectiveBaseURL
FNDA:45,makeRequest
FNDA:45,buildFullUrl
FNDA:37,transformBffEndpoint
FNDA:46,extractBaseUrl
FNDA:0,getBackendUrl
FNDA:45,logEndpointRouting
FNDA:2,validateConfiguration
DA:8,1
DA:23,1
DA:27,31
DA:28,45
DA:29,45
DA:30,45
DA:31,45
DA:32,45
DA:33,45
DA:36,45
DA:38,45
DA:39,45
DA:44,31
DA:45,1
DA:46,1
DA:47,1
DA:56,31
DA:57,45
DA:58,45
DA:59,45
DA:60,45
DA:61,45
DA:62,45
DA:63,45
DA:65,45
DA:66,45
DA:68,45
DA:69,45
DA:70,45
DA:71,45
DA:72,45
DA:73,45
DA:74,45
DA:75,45
DA:76,45
DA:78,45
DA:79,2
DA:80,2
DA:82,34
DA:83,45
DA:84,45
DA:85,45
DA:86,45
DA:91,31
DA:93,45
DA:95,45
DA:97,37
DA:98,42
DA:100,8
DA:101,8
DA:102,45
DA:107,31
DA:109,37
DA:111,14
DA:112,14
DA:113,14
DA:116,37
DA:117,10
DA:118,36
DA:120,13
DA:121,4
DA:122,4
DA:123,4
DA:125,9
DA:126,9
DA:127,9
DA:128,9
DA:130,1
DA:131,8
DA:132,7
DA:133,8
DA:135,1
DA:136,1
DA:138,0
DA:139,0
DA:140,9
DA:142,0
DA:143,0
DA:146,0
DA:147,37
DA:152,31
DA:153,46
DA:154,46
DA:155,46
DA:156,46
DA:158,1
DA:159,1
DA:160,46
DA:165,31
DA:166,0
DA:168,0
DA:169,0
DA:170,0
DA:171,0
DA:172,0
DA:173,0
DA:174,0
DA:175,0
DA:176,0
DA:177,0
DA:178,0
DA:183,31
DA:184,45
DA:185,45
DA:186,45
DA:187,45
DA:188,45
DA:189,45
DA:190,45
DA:191,2
DA:192,45
DA:193,45
DA:194,45
DA:195,45
DA:196,45
DA:201,31
DA:202,2
DA:203,2
DA:204,31
DA:207,1
LF:120
LH:103
BRDA:23,0,0,31
BRDA:27,1,0,45
BRDA:44,2,0,1
BRDA:56,3,0,45
BRDA:76,4,0,37
BRDA:78,5,0,2
BRDA:80,6,0,34
BRDA:66,7,0,1
BRDA:91,8,0,45
BRDA:93,9,0,42
BRDA:93,10,0,3
BRDA:95,11,0,42
BRDA:95,12,0,37
BRDA:98,13,0,8
BRDA:107,14,0,37
BRDA:109,15,0,34
BRDA:109,16,0,14
BRDA:113,17,0,23
BRDA:116,18,0,36
BRDA:116,19,0,10
BRDA:118,20,0,31
BRDA:118,21,0,13
BRDA:120,22,0,12
BRDA:120,23,0,4
BRDA:123,24,0,12
BRDA:123,25,0,9
BRDA:128,26,0,8
BRDA:128,27,0,1
BRDA:131,28,0,7
BRDA:133,29,0,1
BRDA:136,30,0,0
BRDA:140,31,0,0
BRDA:143,32,0,0
BRDA:152,33,0,46
BRDA:156,34,0,1
BRDA:183,35,0,45
BRDA:190,36,0,2
BRDA:193,37,0,0
BRDA:201,38,0,2
BRF:39
BRH:35
end_of_record
TN:
SF:src/utils/developmentTools.ts
FN:1,(empty-report)
FNF:1
FNH:1
FNDA:1,(empty-report)
DA:8,0
DA:9,0
DA:31,0
DA:32,0
DA:37,0
DA:38,0
DA:39,0
DA:40,0
DA:42,0
DA:43,0
DA:44,0
DA:46,0
DA:47,0
DA:52,0
DA:53,0
DA:55,0
DA:58,0
DA:59,0
DA:60,0
DA:63,0
DA:64,0
DA:65,0
DA:66,0
DA:71,0
DA:72,0
DA:74,0
DA:75,0
DA:77,0
DA:78,0
DA:83,0
DA:84,0
DA:85,0
DA:86,0
DA:87,0
DA:89,0
DA:90,0
DA:92,0
DA:93,0
DA:94,0
DA:96,0
DA:97,0
DA:98,0
DA:99,0
DA:100,0
DA:101,0
DA:102,0
DA:103,0
DA:104,0
DA:105,0
DA:110,0
DA:111,0
DA:112,0
DA:113,0
DA:125,0
DA:126,0
DA:127,0
DA:128,0
DA:129,0
DA:130,0
DA:131,0
DA:132,0
DA:133,0
DA:134,0
DA:135,0
DA:136,0
DA:137,0
DA:138,0
DA:139,0
DA:140,0
DA:141,0
DA:142,0
DA:143,0
DA:144,0
DA:145,0
DA:146,0
DA:147,0
DA:148,0
DA:149,0
DA:150,0
DA:152,0
DA:153,0
DA:156,0
DA:157,0
DA:158,0
DA:159,0
DA:160,0
DA:161,0
DA:162,0
DA:167,0
DA:168,0
DA:169,0
DA:171,0
DA:172,0
DA:173,0
DA:175,0
DA:176,0
DA:177,0
DA:179,0
DA:180,0
DA:181,0
DA:182,0
DA:187,0
DA:188,0
DA:189,0
DA:194,0
DA:195,0
DA:196,0
DA:197,0
DA:200,0
DA:203,0
DA:204,0
DA:205,0
LF:112
LH:0
BRDA:1,0,0,1
BRF:1
BRH:1
end_of_record
TN:
SF:src/utils/websocketPerformance.ts
FN:89,<instance_members_initializer>
FN:96,runPerformanceTest
FN:179,setupMetricsCollection
FN:225,runStreamingTest
FN:237,messageListener
FN:284,runLatencyTest
FN:333,runThroughputTest
FN:369,comparePerformance
FN:424,calculateImprovement
FN:441,getTestResults
FN:448,clearResults
FNF:11
FNH:5
FNDA:1,<instance_members_initializer>
FNDA:2,runPerformanceTest
FNDA:2,setupMetricsCollection
FNDA:2,runStreamingTest
FNDA:2,messageListener
FNDA:0,runLatencyTest
FNDA:0,runThroughputTest
FNDA:0,comparePerformance
FNDA:0,calculateImprovement
FNDA:0,getTestResults
FNDA:0,clearResults
DA:8,1
DA:9,1
DA:89,1
DA:90,1
DA:91,1
DA:96,1
DA:97,2
DA:98,2
DA:99,2
DA:100,2
DA:101,2
DA:102,2
DA:103,2
DA:104,0
DA:106,2
DA:107,2
DA:108,2
DA:109,2
DA:110,2
DA:111,2
DA:112,2
DA:113,2
DA:114,2
DA:115,2
DA:116,2
DA:117,2
DA:118,2
DA:119,2
DA:120,2
DA:121,2
DA:122,2
DA:123,2
DA:124,2
DA:125,2
DA:126,2
DA:128,2
DA:130,2
DA:131,2
DA:132,2
DA:133,2
DA:134,2
DA:135,2
DA:138,2
DA:141,2
DA:142,2
DA:143,2
DA:146,2
DA:147,2
DA:148,2
DA:149,2
DA:150,2
DA:151,0
DA:152,0
DA:153,2
DA:154,0
DA:155,0
DA:156,2
DA:158,2
DA:159,2
DA:160,0
DA:161,2
DA:163,2
DA:164,2
DA:165,2
DA:166,2
DA:168,2
DA:169,2
DA:170,2
DA:172,2
DA:173,2
DA:174,2
DA:179,1
DA:180,2
DA:182,2
DA:183,2
DA:184,2
DA:185,2
DA:188,2
DA:189,2
DA:190,2
DA:191,10
DA:192,10
DA:194,10
DA:195,3
DA:196,3
DA:197,3
DA:198,3
DA:199,3
DA:200,10
DA:201,2
DA:202,2
DA:203,2
DA:205,2
DA:206,0
DA:207,0
DA:208,2
DA:210,10
DA:211,10
DA:212,10
DA:213,2
DA:216,2
DA:217,2
DA:218,2
DA:219,2
DA:220,2
DA:225,1
DA:226,2
DA:228,2
DA:229,2
DA:230,2
DA:233,2
DA:234,2
DA:237,2
DA:238,2
DA:239,2
DA:240,2
DA:241,0
DA:242,0
DA:243,0
DA:244,0
DA:245,0
DA:246,2
DA:248,0
DA:249,2
DA:251,2
DA:254,2
DA:255,2
DA:256,2
DA:257,2
DA:259,2
DA:260,2
DA:261,2
DA:262,2
DA:265,2
DA:267,2
DA:270,2
DA:271,2
DA:274,2
DA:275,2
DA:276,2
DA:277,2
DA:278,2
DA:279,2
DA:284,1
DA:285,0
DA:287,0
DA:288,0
DA:290,0
DA:291,0
DA:292,0
DA:293,0
DA:294,0
DA:297,0
DA:298,0
DA:299,0
DA:300,0
DA:301,0
DA:302,0
DA:303,0
DA:304,0
DA:306,0
DA:307,0
DA:309,0
DA:312,0
DA:314,0
DA:317,0
DA:318,0
DA:320,0
DA:321,0
DA:322,0
DA:323,0
DA:324,0
DA:325,0
DA:326,0
DA:327,0
DA:328,0
DA:333,1
DA:334,0
DA:336,0
DA:337,0
DA:340,0
DA:341,0
DA:342,0
DA:343,0
DA:344,0
DA:345,0
DA:348,0
DA:349,0
DA:350,0
DA:351,0
DA:353,0
DA:356,0
DA:358,0
DA:361,0
DA:362,0
DA:363,0
DA:364,0
DA:369,1
DA:370,0
DA:371,0
DA:372,0
DA:377,0
DA:381,0
DA:384,0
DA:385,0
DA:386,0
DA:387,0
DA:388,0
DA:389,0
DA:390,0
DA:391,0
DA:392,0
DA:393,0
DA:394,0
DA:395,0
DA:396,0
DA:397,0
DA:398,0
DA:399,0
DA:400,0
DA:401,0
DA:402,0
DA:403,0
DA:406,0
DA:407,0
DA:408,0
DA:409,0
DA:410,0
DA:411,0
DA:412,0
DA:413,0
DA:414,0
DA:415,0
DA:416,0
DA:418,0
DA:419,0
DA:424,1
DA:425,0
DA:426,0
DA:427,0
DA:428,0
DA:429,0
DA:431,0
DA:432,0
DA:433,0
DA:435,0
DA:436,0
DA:441,1
DA:442,0
DA:443,0
DA:448,1
DA:449,0
DA:450,0
DA:451,1
DA:454,1
LF:255
LH:137
BRDA:89,0,0,1
BRDA:96,1,0,2
BRDA:103,2,0,0
BRDA:150,3,0,0
BRDA:153,4,0,0
BRDA:159,5,0,0
BRDA:179,6,0,2
BRDA:180,7,0,0
BRDA:190,8,0,10
BRDA:194,9,0,3
BRDA:200,10,0,7
BRDA:200,11,0,2
BRDA:205,12,0,0
BRDA:216,13,0,2
BRDA:225,14,0,2
BRDA:226,15,0,0
BRDA:237,16,0,2
BRDA:240,17,0,0
BRDA:246,18,0,0
BRDA:254,19,0,2
BRDA:265,20,0,2
BRDA:271,21,0,2
BRDA:276,22,0,2
BRF:23
BRH:14
end_of_record
TN:
SF:src/views/BacktestDetail.tsx
FN:8,BacktestDetailView
FNF:1
FNH:1
FNDA:4,BacktestDetailView
DA:1,1
DA:2,1
DA:3,1
DA:4,1
DA:5,1
DA:6,1
DA:8,4
DA:9,4
DA:10,4
DA:11,4
DA:13,4
DA:14,4
DA:15,4
DA:16,4
DA:18,4
DA:19,4
DA:20,4
DA:21,4
DA:22,4
DA:23,4
DA:24,0
DA:25,4
DA:26,0
DA:27,4
DA:28,2
DA:29,2
DA:30,2
DA:31,2
DA:32,2
DA:33,1
DA:34,1
DA:35,1
DA:36,1
DA:37,1
DA:39,1
DA:40,1
DA:41,2
DA:42,2
DA:43,4
DA:44,4
DA:46,4
DA:47,1
DA:48,1
DA:49,1
DA:50,1
DA:51,1
DA:52,1
DA:53,1
DA:54,3
DA:56,4
DA:57,3
DA:59,3
DA:61,3
DA:63,3
DA:64,3
DA:65,3
DA:66,3
DA:67,3
DA:68,3
DA:69,3
DA:70,3
DA:71,3
DA:73,4
DA:75,4
LF:64
LH:62
BRDA:8,0,0,4
BRDA:10,1,0,2
BRDA:13,2,0,2
BRDA:14,3,0,3
BRDA:15,4,0,3
BRDA:16,5,0,2
BRDA:16,6,0,3
BRDA:21,7,0,2
BRDA:21,8,0,2
BRDA:23,9,0,0
BRDA:25,10,0,0
BRDA:27,11,0,2
BRDA:32,12,0,1
BRDA:39,13,0,1
BRDA:41,14,0,2
BRDA:46,15,0,1
BRDA:52,16,0,0
BRDA:53,17,0,3
BRDA:56,18,0,3
BRDA:59,19,0,1
BRDA:59,20,0,2
BRDA:66,21,0,1
BRDA:67,22,0,1
BRDA:68,23,0,1
BRF:24
BRH:21
end_of_record
TN:
SF:src/workers/streamParser.ts
FN:1,(empty-report)
FNF:1
FNH:1
FNDA:1,(empty-report)
DA:2,0
DA:9,0
DA:11,0
DA:12,0
DA:13,0
DA:14,0
DA:15,0
DA:16,0
DA:17,0
DA:19,0
DA:20,0
DA:21,0
DA:22,0
DA:23,0
DA:24,0
DA:25,0
DA:26,0
DA:27,0
DA:28,0
DA:29,0
DA:30,0
DA:31,0
DA:32,0
DA:33,0
DA:34,0
DA:36,0
DA:37,0
DA:38,0
DA:39,0
DA:40,0
DA:41,0
DA:42,0
DA:43,0
DA:44,0
DA:45,0
DA:46,0
DA:47,0
DA:48,0
DA:50,0
DA:51,0
DA:52,0
DA:54,0
DA:55,0
DA:57,0
DA:58,0
DA:59,0
DA:62,0
DA:63,0
DA:64,0
DA:65,0
DA:67,0
DA:68,0
DA:69,0
DA:70,0
DA:71,0
DA:72,0
DA:73,0
DA:75,0
DA:76,0
DA:77,0
DA:79,0
DA:80,0
DA:81,0
DA:82,0
DA:83,0
DA:84,0
DA:85,0
DA:86,0
DA:87,0
DA:88,0
DA:89,0
DA:90,0
DA:92,0
DA:93,0
DA:95,0
DA:96,0
DA:97,0
DA:98,0
DA:99,0
DA:100,0
DA:101,0
DA:102,0
DA:103,0
DA:104,0
DA:105,0
LF:85
LH:0
BRDA:1,0,0,1
BRF:1
BRH:1
end_of_record
